ERROR - 2022-01-31 19:54:46 --> Column 'first_name' in field list is ambiguous
CRITICAL - 2022-01-31 19:54:46 --> Column 'first_name' in field list is ambiguous
#0 C:\xampp\htdocs\microfin\system\Database\MySQLi\Connection.php(292): mysqli->query('SELECT `loan`.*...', 0)
#1 C:\xampp\htdocs\microfin\system\Database\BaseConnection.php(670): CodeIgniter\Database\MySQLi\Connection->execute('SELECT `loan`.*...')
#2 C:\xampp\htdocs\microfin\system\Database\BaseConnection.php(598): CodeIgniter\Database\BaseConnection->simpleQuery('SELECT `loan`.*...')
#3 C:\xampp\htdocs\microfin\system\Database\BaseBuilder.php(1443): CodeIgniter\Database\BaseConnection->query('SELECT `loan`.*...', Array, false)
#4 C:\xampp\htdocs\microfin\system\Model.php(183): CodeIgniter\Database\BaseBuilder->get()
#5 C:\xampp\htdocs\microfin\system\BaseModel.php(584): CodeIgniter\Model->doFindAll(0, 0)
#6 C:\xampp\htdocs\microfin\app\Models\LoanModel.php(120): CodeIgniter\BaseModel->findAll()
#7 C:\xampp\htdocs\microfin\app\Controllers\Profile.php(159): App\Models\LoanModel->get_loan_data_by_customer_id(NULL)
#8 C:\xampp\htdocs\microfin\system\CodeIgniter.php(824): App\Controllers\Profile->loan_data_by_customer_id()
#9 C:\xampp\htdocs\microfin\system\CodeIgniter.php(410): CodeIgniter\CodeIgniter->runController(Object(App\Controllers\Profile))
#10 C:\xampp\htdocs\microfin\system\CodeIgniter.php(318): CodeIgniter\CodeIgniter->handleRequest(NULL, Object(Config\Cache), false)
#11 C:\xampp\htdocs\microfin\public\index.php(37): CodeIgniter\CodeIgniter->run()
#12 {main}
ERROR - 2022-01-31 19:54:52 --> Column 'first_name' in field list is ambiguous
CRITICAL - 2022-01-31 19:54:52 --> Column 'first_name' in field list is ambiguous
#0 C:\xampp\htdocs\microfin\system\Database\MySQLi\Connection.php(292): mysqli->query('SELECT `loan`.*...', 0)
#1 C:\xampp\htdocs\microfin\system\Database\BaseConnection.php(670): CodeIgniter\Database\MySQLi\Connection->execute('SELECT `loan`.*...')
#2 C:\xampp\htdocs\microfin\system\Database\BaseConnection.php(598): CodeIgniter\Database\BaseConnection->simpleQuery('SELECT `loan`.*...')
#3 C:\xampp\htdocs\microfin\system\Database\BaseBuilder.php(1443): CodeIgniter\Database\BaseConnection->query('SELECT `loan`.*...', Array, false)
#4 C:\xampp\htdocs\microfin\system\Model.php(183): CodeIgniter\Database\BaseBuilder->get()
#5 C:\xampp\htdocs\microfin\system\BaseModel.php(584): CodeIgniter\Model->doFindAll(0, 0)
#6 C:\xampp\htdocs\microfin\app\Models\LoanModel.php(120): CodeIgniter\BaseModel->findAll()
#7 C:\xampp\htdocs\microfin\app\Controllers\Profile.php(159): App\Models\LoanModel->get_loan_data_by_customer_id(Array)
#8 C:\xampp\htdocs\microfin\system\CodeIgniter.php(824): App\Controllers\Profile->loan_data_by_customer_id()
#9 C:\xampp\htdocs\microfin\system\CodeIgniter.php(410): CodeIgniter\CodeIgniter->runController(Object(App\Controllers\Profile))
#10 C:\xampp\htdocs\microfin\system\CodeIgniter.php(318): CodeIgniter\CodeIgniter->handleRequest(NULL, Object(Config\Cache), false)
#11 C:\xampp\htdocs\microfin\public\index.php(37): CodeIgniter\CodeIgniter->run()
#12 {main}
ERROR - 2022-01-31 19:55:04 --> Column 'first_name' in field list is ambiguous
CRITICAL - 2022-01-31 19:55:04 --> Column 'first_name' in field list is ambiguous
#0 C:\xampp\htdocs\microfin\system\Database\MySQLi\Connection.php(292): mysqli->query('SELECT `loan`.*...', 0)
#1 C:\xampp\htdocs\microfin\system\Database\BaseConnection.php(670): CodeIgniter\Database\MySQLi\Connection->execute('SELECT `loan`.*...')
#2 C:\xampp\htdocs\microfin\system\Database\BaseConnection.php(598): CodeIgniter\Database\BaseConnection->simpleQuery('SELECT `loan`.*...')
#3 C:\xampp\htdocs\microfin\system\Database\BaseBuilder.php(1443): CodeIgniter\Database\BaseConnection->query('SELECT `loan`.*...', Array, false)
#4 C:\xampp\htdocs\microfin\system\Model.php(183): CodeIgniter\Database\BaseBuilder->get()
#5 C:\xampp\htdocs\microfin\system\BaseModel.php(584): CodeIgniter\Model->doFindAll(0, 0)
#6 C:\xampp\htdocs\microfin\app\Models\LoanModel.php(120): CodeIgniter\BaseModel->findAll()
#7 C:\xampp\htdocs\microfin\app\Controllers\Profile.php(159): App\Models\LoanModel->get_loan_data_by_customer_id(Array)
#8 C:\xampp\htdocs\microfin\system\CodeIgniter.php(824): App\Controllers\Profile->loan_data_by_customer_id()
#9 C:\xampp\htdocs\microfin\system\CodeIgniter.php(410): CodeIgniter\CodeIgniter->runController(Object(App\Controllers\Profile))
#10 C:\xampp\htdocs\microfin\system\CodeIgniter.php(318): CodeIgniter\CodeIgniter->handleRequest(NULL, Object(Config\Cache), false)
#11 C:\xampp\htdocs\microfin\public\index.php(37): CodeIgniter\CodeIgniter->run()
#12 {main}
ERROR - 2022-01-31 19:56:29 --> Column 'first_name' in field list is ambiguous
CRITICAL - 2022-01-31 19:56:29 --> Column 'first_name' in field list is ambiguous
#0 C:\xampp\htdocs\microfin\system\Database\MySQLi\Connection.php(292): mysqli->query('SELECT `loan`.*...', 0)
#1 C:\xampp\htdocs\microfin\system\Database\BaseConnection.php(670): CodeIgniter\Database\MySQLi\Connection->execute('SELECT `loan`.*...')
#2 C:\xampp\htdocs\microfin\system\Database\BaseConnection.php(598): CodeIgniter\Database\BaseConnection->simpleQuery('SELECT `loan`.*...')
#3 C:\xampp\htdocs\microfin\system\Database\BaseBuilder.php(1443): CodeIgniter\Database\BaseConnection->query('SELECT `loan`.*...', Array, false)
#4 C:\xampp\htdocs\microfin\system\Model.php(183): CodeIgniter\Database\BaseBuilder->get()
#5 C:\xampp\htdocs\microfin\system\BaseModel.php(584): CodeIgniter\Model->doFindAll(0, 0)
#6 C:\xampp\htdocs\microfin\app\Models\LoanModel.php(120): CodeIgniter\BaseModel->findAll()
#7 C:\xampp\htdocs\microfin\app\Controllers\Profile.php(159): App\Models\LoanModel->get_loan_data_by_customer_id(Array)
#8 C:\xampp\htdocs\microfin\system\CodeIgniter.php(824): App\Controllers\Profile->loan_data_by_customer_id()
#9 C:\xampp\htdocs\microfin\system\CodeIgniter.php(410): CodeIgniter\CodeIgniter->runController(Object(App\Controllers\Profile))
#10 C:\xampp\htdocs\microfin\system\CodeIgniter.php(318): CodeIgniter\CodeIgniter->handleRequest(NULL, Object(Config\Cache), false)
#11 C:\xampp\htdocs\microfin\public\index.php(37): CodeIgniter\CodeIgniter->run()
#12 {main}
