ERROR - 2022-01-10 01:37:54 --> Not unique table/alias: 'loan'
CRITICAL - 2022-01-10 01:37:54 --> Not unique table/alias: 'loan'
#0 C:\xampp\htdocs\microfin\system\Database\MySQLi\Connection.php(292): mysqli->query('SELECT *\nFROM `...', 0)
#1 C:\xampp\htdocs\microfin\system\Database\BaseConnection.php(670): CodeIgniter\Database\MySQLi\Connection->execute('SELECT *\nFROM `...')
#2 C:\xampp\htdocs\microfin\system\Database\BaseConnection.php(598): CodeIgniter\Database\BaseConnection->simpleQuery('SELECT *\nFROM `...')
#3 C:\xampp\htdocs\microfin\system\Database\BaseBuilder.php(1443): CodeIgniter\Database\BaseConnection->query('SELECT *\nFROM `...', Array, false)
#4 C:\xampp\htdocs\microfin\system\Model.php(210): CodeIgniter\Database\BaseBuilder->get()
#5 C:\xampp\htdocs\microfin\system\BaseModel.php(622): CodeIgniter\Model->doFirst()
#6 C:\xampp\htdocs\microfin\app\Models\LoanModel.php(83): CodeIgniter\BaseModel->first()
#7 C:\xampp\htdocs\microfin\app\Controllers\Loan.php(143): App\Models\LoanModel->get_data_by_line(NULL)
#8 C:\xampp\htdocs\microfin\system\CodeIgniter.php(824): App\Controllers\Loan->byline()
#9 C:\xampp\htdocs\microfin\system\CodeIgniter.php(410): CodeIgniter\CodeIgniter->runController(Object(App\Controllers\Loan))
#10 C:\xampp\htdocs\microfin\system\CodeIgniter.php(318): CodeIgniter\CodeIgniter->handleRequest(NULL, Object(Config\Cache), false)
#11 C:\xampp\htdocs\microfin\public\index.php(37): CodeIgniter\CodeIgniter->run()
#12 {main}
ERROR - 2022-01-10 01:37:56 --> Not unique table/alias: 'loan'
CRITICAL - 2022-01-10 01:37:56 --> Not unique table/alias: 'loan'
#0 C:\xampp\htdocs\microfin\system\Database\MySQLi\Connection.php(292): mysqli->query('SELECT *\nFROM `...', 0)
#1 C:\xampp\htdocs\microfin\system\Database\BaseConnection.php(670): CodeIgniter\Database\MySQLi\Connection->execute('SELECT *\nFROM `...')
#2 C:\xampp\htdocs\microfin\system\Database\BaseConnection.php(598): CodeIgniter\Database\BaseConnection->simpleQuery('SELECT *\nFROM `...')
#3 C:\xampp\htdocs\microfin\system\Database\BaseBuilder.php(1443): CodeIgniter\Database\BaseConnection->query('SELECT *\nFROM `...', Array, false)
#4 C:\xampp\htdocs\microfin\system\Model.php(210): CodeIgniter\Database\BaseBuilder->get()
#5 C:\xampp\htdocs\microfin\system\BaseModel.php(622): CodeIgniter\Model->doFirst()
#6 C:\xampp\htdocs\microfin\app\Models\LoanModel.php(83): CodeIgniter\BaseModel->first()
#7 C:\xampp\htdocs\microfin\app\Controllers\Loan.php(143): App\Models\LoanModel->get_data_by_line(NULL)
#8 C:\xampp\htdocs\microfin\system\CodeIgniter.php(824): App\Controllers\Loan->byline()
#9 C:\xampp\htdocs\microfin\system\CodeIgniter.php(410): CodeIgniter\CodeIgniter->runController(Object(App\Controllers\Loan))
#10 C:\xampp\htdocs\microfin\system\CodeIgniter.php(318): CodeIgniter\CodeIgniter->handleRequest(NULL, Object(Config\Cache), false)
#11 C:\xampp\htdocs\microfin\public\index.php(37): CodeIgniter\CodeIgniter->run()
#12 {main}
ERROR - 2022-01-10 01:38:29 --> Not unique table/alias: 'loan'
CRITICAL - 2022-01-10 01:38:29 --> Not unique table/alias: 'loan'
#0 C:\xampp\htdocs\microfin\system\Database\MySQLi\Connection.php(292): mysqli->query('SELECT *\nFROM `...', 0)
#1 C:\xampp\htdocs\microfin\system\Database\BaseConnection.php(670): CodeIgniter\Database\MySQLi\Connection->execute('SELECT *\nFROM `...')
#2 C:\xampp\htdocs\microfin\system\Database\BaseConnection.php(598): CodeIgniter\Database\BaseConnection->simpleQuery('SELECT *\nFROM `...')
#3 C:\xampp\htdocs\microfin\system\Database\BaseBuilder.php(1443): CodeIgniter\Database\BaseConnection->query('SELECT *\nFROM `...', Array, false)
#4 C:\xampp\htdocs\microfin\system\Model.php(210): CodeIgniter\Database\BaseBuilder->get()
#5 C:\xampp\htdocs\microfin\system\BaseModel.php(622): CodeIgniter\Model->doFirst()
#6 C:\xampp\htdocs\microfin\app\Models\LoanModel.php(83): CodeIgniter\BaseModel->first()
#7 C:\xampp\htdocs\microfin\app\Controllers\Loan.php(143): App\Models\LoanModel->get_data_by_line(NULL)
#8 C:\xampp\htdocs\microfin\system\CodeIgniter.php(824): App\Controllers\Loan->byline()
#9 C:\xampp\htdocs\microfin\system\CodeIgniter.php(410): CodeIgniter\CodeIgniter->runController(Object(App\Controllers\Loan))
#10 C:\xampp\htdocs\microfin\system\CodeIgniter.php(318): CodeIgniter\CodeIgniter->handleRequest(NULL, Object(Config\Cache), false)
#11 C:\xampp\htdocs\microfin\public\index.php(37): CodeIgniter\CodeIgniter->run()
#12 {main}
ERROR - 2022-01-10 01:38:57 --> Not unique table/alias: 'loan'
CRITICAL - 2022-01-10 01:38:57 --> Not unique table/alias: 'loan'
#0 C:\xampp\htdocs\microfin\system\Database\MySQLi\Connection.php(292): mysqli->query('SELECT *\nFROM `...', 0)
#1 C:\xampp\htdocs\microfin\system\Database\BaseConnection.php(670): CodeIgniter\Database\MySQLi\Connection->execute('SELECT *\nFROM `...')
#2 C:\xampp\htdocs\microfin\system\Database\BaseConnection.php(598): CodeIgniter\Database\BaseConnection->simpleQuery('SELECT *\nFROM `...')
#3 C:\xampp\htdocs\microfin\system\Database\BaseBuilder.php(1443): CodeIgniter\Database\BaseConnection->query('SELECT *\nFROM `...', Array, false)
#4 C:\xampp\htdocs\microfin\system\Model.php(210): CodeIgniter\Database\BaseBuilder->get()
#5 C:\xampp\htdocs\microfin\system\BaseModel.php(622): CodeIgniter\Model->doFirst()
#6 C:\xampp\htdocs\microfin\app\Models\LoanModel.php(83): CodeIgniter\BaseModel->first()
#7 C:\xampp\htdocs\microfin\app\Controllers\Loan.php(143): App\Models\LoanModel->get_data_by_line(NULL)
#8 C:\xampp\htdocs\microfin\system\CodeIgniter.php(824): App\Controllers\Loan->byline()
#9 C:\xampp\htdocs\microfin\system\CodeIgniter.php(410): CodeIgniter\CodeIgniter->runController(Object(App\Controllers\Loan))
#10 C:\xampp\htdocs\microfin\system\CodeIgniter.php(318): CodeIgniter\CodeIgniter->handleRequest(NULL, Object(Config\Cache), false)
#11 C:\xampp\htdocs\microfin\public\index.php(37): CodeIgniter\CodeIgniter->run()
#12 {main}
ERROR - 2022-01-10 01:39:00 --> Not unique table/alias: 'loan'
CRITICAL - 2022-01-10 01:39:00 --> Not unique table/alias: 'loan'
#0 C:\xampp\htdocs\microfin\system\Database\MySQLi\Connection.php(292): mysqli->query('SELECT *\nFROM `...', 0)
#1 C:\xampp\htdocs\microfin\system\Database\BaseConnection.php(670): CodeIgniter\Database\MySQLi\Connection->execute('SELECT *\nFROM `...')
#2 C:\xampp\htdocs\microfin\system\Database\BaseConnection.php(598): CodeIgniter\Database\BaseConnection->simpleQuery('SELECT *\nFROM `...')
#3 C:\xampp\htdocs\microfin\system\Database\BaseBuilder.php(1443): CodeIgniter\Database\BaseConnection->query('SELECT *\nFROM `...', Array, false)
#4 C:\xampp\htdocs\microfin\system\Model.php(210): CodeIgniter\Database\BaseBuilder->get()
#5 C:\xampp\htdocs\microfin\system\BaseModel.php(622): CodeIgniter\Model->doFirst()
#6 C:\xampp\htdocs\microfin\app\Models\LoanModel.php(83): CodeIgniter\BaseModel->first()
#7 C:\xampp\htdocs\microfin\app\Controllers\Loan.php(143): App\Models\LoanModel->get_data_by_line(NULL)
#8 C:\xampp\htdocs\microfin\system\CodeIgniter.php(824): App\Controllers\Loan->byline()
#9 C:\xampp\htdocs\microfin\system\CodeIgniter.php(410): CodeIgniter\CodeIgniter->runController(Object(App\Controllers\Loan))
#10 C:\xampp\htdocs\microfin\system\CodeIgniter.php(318): CodeIgniter\CodeIgniter->handleRequest(NULL, Object(Config\Cache), false)
#11 C:\xampp\htdocs\microfin\public\index.php(37): CodeIgniter\CodeIgniter->run()
#12 {main}
ERROR - 2022-01-10 03:30:44 --> Not unique table/alias: 'loan'
CRITICAL - 2022-01-10 03:30:44 --> Not unique table/alias: 'loan'
#0 C:\xampp\htdocs\microfin\system\Database\MySQLi\Connection.php(292): mysqli->query('SELECT CONCAT(l...', 0)
#1 C:\xampp\htdocs\microfin\system\Database\BaseConnection.php(670): CodeIgniter\Database\MySQLi\Connection->execute('SELECT CONCAT(l...')
#2 C:\xampp\htdocs\microfin\system\Database\BaseConnection.php(598): CodeIgniter\Database\BaseConnection->simpleQuery('SELECT CONCAT(l...')
#3 C:\xampp\htdocs\microfin\system\Database\BaseBuilder.php(1443): CodeIgniter\Database\BaseConnection->query('SELECT CONCAT(l...', Array, false)
#4 C:\xampp\htdocs\microfin\system\Model.php(183): CodeIgniter\Database\BaseBuilder->get()
#5 C:\xampp\htdocs\microfin\system\BaseModel.php(584): CodeIgniter\Model->doFindAll(0, 0)
#6 C:\xampp\htdocs\microfin\app\Models\LoanModel.php(69): CodeIgniter\BaseModel->findAll()
#7 C:\xampp\htdocs\microfin\app\Controllers\Loan.php(143): App\Models\LoanModel->get_data_by_line(NULL)
#8 C:\xampp\htdocs\microfin\system\CodeIgniter.php(824): App\Controllers\Loan->byline()
#9 C:\xampp\htdocs\microfin\system\CodeIgniter.php(410): CodeIgniter\CodeIgniter->runController(Object(App\Controllers\Loan))
#10 C:\xampp\htdocs\microfin\system\CodeIgniter.php(318): CodeIgniter\CodeIgniter->handleRequest(NULL, Object(Config\Cache), false)
#11 C:\xampp\htdocs\microfin\public\index.php(37): CodeIgniter\CodeIgniter->run()
#12 {main}
ERROR - 2022-01-10 03:30:48 --> Not unique table/alias: 'loan'
CRITICAL - 2022-01-10 03:30:48 --> Not unique table/alias: 'loan'
#0 C:\xampp\htdocs\microfin\system\Database\MySQLi\Connection.php(292): mysqli->query('SELECT CONCAT(l...', 0)
#1 C:\xampp\htdocs\microfin\system\Database\BaseConnection.php(670): CodeIgniter\Database\MySQLi\Connection->execute('SELECT CONCAT(l...')
#2 C:\xampp\htdocs\microfin\system\Database\BaseConnection.php(598): CodeIgniter\Database\BaseConnection->simpleQuery('SELECT CONCAT(l...')
#3 C:\xampp\htdocs\microfin\system\Database\BaseBuilder.php(1443): CodeIgniter\Database\BaseConnection->query('SELECT CONCAT(l...', Array, false)
#4 C:\xampp\htdocs\microfin\system\Model.php(183): CodeIgniter\Database\BaseBuilder->get()
#5 C:\xampp\htdocs\microfin\system\BaseModel.php(584): CodeIgniter\Model->doFindAll(0, 0)
#6 C:\xampp\htdocs\microfin\app\Models\LoanModel.php(69): CodeIgniter\BaseModel->findAll()
#7 C:\xampp\htdocs\microfin\app\Controllers\Loan.php(143): App\Models\LoanModel->get_data_by_line(NULL)
#8 C:\xampp\htdocs\microfin\system\CodeIgniter.php(824): App\Controllers\Loan->byline()
#9 C:\xampp\htdocs\microfin\system\CodeIgniter.php(410): CodeIgniter\CodeIgniter->runController(Object(App\Controllers\Loan))
#10 C:\xampp\htdocs\microfin\system\CodeIgniter.php(318): CodeIgniter\CodeIgniter->handleRequest(NULL, Object(Config\Cache), false)
#11 C:\xampp\htdocs\microfin\public\index.php(37): CodeIgniter\CodeIgniter->run()
#12 {main}
ERROR - 2022-01-10 03:31:06 --> Not unique table/alias: 'loan'
CRITICAL - 2022-01-10 03:31:06 --> Not unique table/alias: 'loan'
#0 C:\xampp\htdocs\microfin\system\Database\MySQLi\Connection.php(292): mysqli->query('SELECT CONCAT(l...', 0)
#1 C:\xampp\htdocs\microfin\system\Database\BaseConnection.php(670): CodeIgniter\Database\MySQLi\Connection->execute('SELECT CONCAT(l...')
#2 C:\xampp\htdocs\microfin\system\Database\BaseConnection.php(598): CodeIgniter\Database\BaseConnection->simpleQuery('SELECT CONCAT(l...')
#3 C:\xampp\htdocs\microfin\system\Database\BaseBuilder.php(1443): CodeIgniter\Database\BaseConnection->query('SELECT CONCAT(l...', Array, false)
#4 C:\xampp\htdocs\microfin\system\Model.php(183): CodeIgniter\Database\BaseBuilder->get()
#5 C:\xampp\htdocs\microfin\system\BaseModel.php(584): CodeIgniter\Model->doFindAll(0, 0)
#6 C:\xampp\htdocs\microfin\app\Models\LoanModel.php(69): CodeIgniter\BaseModel->findAll()
#7 C:\xampp\htdocs\microfin\app\Controllers\Loan.php(143): App\Models\LoanModel->get_data_by_line(NULL)
#8 C:\xampp\htdocs\microfin\system\CodeIgniter.php(824): App\Controllers\Loan->byline()
#9 C:\xampp\htdocs\microfin\system\CodeIgniter.php(410): CodeIgniter\CodeIgniter->runController(Object(App\Controllers\Loan))
#10 C:\xampp\htdocs\microfin\system\CodeIgniter.php(318): CodeIgniter\CodeIgniter->handleRequest(NULL, Object(Config\Cache), false)
#11 C:\xampp\htdocs\microfin\public\index.php(37): CodeIgniter\CodeIgniter->run()
#12 {main}
ERROR - 2022-01-10 03:47:35 --> Unknown column 'line.line_code' in 'field list'
CRITICAL - 2022-01-10 03:47:35 --> Unknown column 'line.line_code' in 'field list'
#0 C:\xampp\htdocs\microfin\system\Database\MySQLi\Connection.php(292): mysqli->query('SELECT `line`.`...', 0)
#1 C:\xampp\htdocs\microfin\system\Database\BaseConnection.php(670): CodeIgniter\Database\MySQLi\Connection->execute('SELECT `line`.`...')
#2 C:\xampp\htdocs\microfin\system\Database\BaseConnection.php(598): CodeIgniter\Database\BaseConnection->simpleQuery('SELECT `line`.`...')
#3 C:\xampp\htdocs\microfin\system\Database\BaseBuilder.php(1443): CodeIgniter\Database\BaseConnection->query('SELECT `line`.`...', Array, false)
#4 C:\xampp\htdocs\microfin\system\Model.php(183): CodeIgniter\Database\BaseBuilder->get()
#5 C:\xampp\htdocs\microfin\system\BaseModel.php(584): CodeIgniter\Model->doFindAll(0, 0)
#6 C:\xampp\htdocs\microfin\app\Models\LoanModel.php(69): CodeIgniter\BaseModel->findAll()
#7 C:\xampp\htdocs\microfin\app\Controllers\Loan.php(143): App\Models\LoanModel->get_data_by_line(NULL)
#8 C:\xampp\htdocs\microfin\system\CodeIgniter.php(824): App\Controllers\Loan->byline()
#9 C:\xampp\htdocs\microfin\system\CodeIgniter.php(410): CodeIgniter\CodeIgniter->runController(Object(App\Controllers\Loan))
#10 C:\xampp\htdocs\microfin\system\CodeIgniter.php(318): CodeIgniter\CodeIgniter->handleRequest(NULL, Object(Config\Cache), false)
#11 C:\xampp\htdocs\microfin\public\index.php(37): CodeIgniter\CodeIgniter->run()
#12 {main}
ERROR - 2022-01-10 03:47:39 --> Unknown column 'line.line_code' in 'field list'
CRITICAL - 2022-01-10 03:47:39 --> Unknown column 'line.line_code' in 'field list'
#0 C:\xampp\htdocs\microfin\system\Database\MySQLi\Connection.php(292): mysqli->query('SELECT `line`.`...', 0)
#1 C:\xampp\htdocs\microfin\system\Database\BaseConnection.php(670): CodeIgniter\Database\MySQLi\Connection->execute('SELECT `line`.`...')
#2 C:\xampp\htdocs\microfin\system\Database\BaseConnection.php(598): CodeIgniter\Database\BaseConnection->simpleQuery('SELECT `line`.`...')
#3 C:\xampp\htdocs\microfin\system\Database\BaseBuilder.php(1443): CodeIgniter\Database\BaseConnection->query('SELECT `line`.`...', Array, false)
#4 C:\xampp\htdocs\microfin\system\Model.php(183): CodeIgniter\Database\BaseBuilder->get()
#5 C:\xampp\htdocs\microfin\system\BaseModel.php(584): CodeIgniter\Model->doFindAll(0, 0)
#6 C:\xampp\htdocs\microfin\app\Models\LoanModel.php(69): CodeIgniter\BaseModel->findAll()
#7 C:\xampp\htdocs\microfin\app\Controllers\Loan.php(143): App\Models\LoanModel->get_data_by_line(NULL)
#8 C:\xampp\htdocs\microfin\system\CodeIgniter.php(824): App\Controllers\Loan->byline()
#9 C:\xampp\htdocs\microfin\system\CodeIgniter.php(410): CodeIgniter\CodeIgniter->runController(Object(App\Controllers\Loan))
#10 C:\xampp\htdocs\microfin\system\CodeIgniter.php(318): CodeIgniter\CodeIgniter->handleRequest(NULL, Object(Config\Cache), false)
#11 C:\xampp\htdocs\microfin\public\index.php(37): CodeIgniter\CodeIgniter->run()
#12 {main}
ERROR - 2022-01-10 03:47:51 --> Unknown column 'line.line_code' in 'field list'
CRITICAL - 2022-01-10 03:47:51 --> Unknown column 'line.line_code' in 'field list'
#0 C:\xampp\htdocs\microfin\system\Database\MySQLi\Connection.php(292): mysqli->query('SELECT `line`.`...', 0)
#1 C:\xampp\htdocs\microfin\system\Database\BaseConnection.php(670): CodeIgniter\Database\MySQLi\Connection->execute('SELECT `line`.`...')
#2 C:\xampp\htdocs\microfin\system\Database\BaseConnection.php(598): CodeIgniter\Database\BaseConnection->simpleQuery('SELECT `line`.`...')
#3 C:\xampp\htdocs\microfin\system\Database\BaseBuilder.php(1443): CodeIgniter\Database\BaseConnection->query('SELECT `line`.`...', Array, false)
#4 C:\xampp\htdocs\microfin\system\Model.php(183): CodeIgniter\Database\BaseBuilder->get()
#5 C:\xampp\htdocs\microfin\system\BaseModel.php(584): CodeIgniter\Model->doFindAll(0, 0)
#6 C:\xampp\htdocs\microfin\app\Models\LoanModel.php(69): CodeIgniter\BaseModel->findAll()
#7 C:\xampp\htdocs\microfin\app\Controllers\Loan.php(143): App\Models\LoanModel->get_data_by_line(NULL)
#8 C:\xampp\htdocs\microfin\system\CodeIgniter.php(824): App\Controllers\Loan->byline()
#9 C:\xampp\htdocs\microfin\system\CodeIgniter.php(410): CodeIgniter\CodeIgniter->runController(Object(App\Controllers\Loan))
#10 C:\xampp\htdocs\microfin\system\CodeIgniter.php(318): CodeIgniter\CodeIgniter->handleRequest(NULL, Object(Config\Cache), false)
#11 C:\xampp\htdocs\microfin\public\index.php(37): CodeIgniter\CodeIgniter->run()
#12 {main}
ERROR - 2022-01-10 03:47:54 --> Unknown column 'line.line_code' in 'field list'
CRITICAL - 2022-01-10 03:47:54 --> Unknown column 'line.line_code' in 'field list'
#0 C:\xampp\htdocs\microfin\system\Database\MySQLi\Connection.php(292): mysqli->query('SELECT `line`.`...', 0)
#1 C:\xampp\htdocs\microfin\system\Database\BaseConnection.php(670): CodeIgniter\Database\MySQLi\Connection->execute('SELECT `line`.`...')
#2 C:\xampp\htdocs\microfin\system\Database\BaseConnection.php(598): CodeIgniter\Database\BaseConnection->simpleQuery('SELECT `line`.`...')
#3 C:\xampp\htdocs\microfin\system\Database\BaseBuilder.php(1443): CodeIgniter\Database\BaseConnection->query('SELECT `line`.`...', Array, false)
#4 C:\xampp\htdocs\microfin\system\Model.php(183): CodeIgniter\Database\BaseBuilder->get()
#5 C:\xampp\htdocs\microfin\system\BaseModel.php(584): CodeIgniter\Model->doFindAll(0, 0)
#6 C:\xampp\htdocs\microfin\app\Models\LoanModel.php(69): CodeIgniter\BaseModel->findAll()
#7 C:\xampp\htdocs\microfin\app\Controllers\Loan.php(143): App\Models\LoanModel->get_data_by_line(NULL)
#8 C:\xampp\htdocs\microfin\system\CodeIgniter.php(824): App\Controllers\Loan->byline()
#9 C:\xampp\htdocs\microfin\system\CodeIgniter.php(410): CodeIgniter\CodeIgniter->runController(Object(App\Controllers\Loan))
#10 C:\xampp\htdocs\microfin\system\CodeIgniter.php(318): CodeIgniter\CodeIgniter->handleRequest(NULL, Object(Config\Cache), false)
#11 C:\xampp\htdocs\microfin\public\index.php(37): CodeIgniter\CodeIgniter->run()
#12 {main}
ERROR - 2022-01-10 03:48:54 --> Not unique table/alias: 'loan'
CRITICAL - 2022-01-10 03:48:54 --> Not unique table/alias: 'loan'
#0 C:\xampp\htdocs\microfin\system\Database\MySQLi\Connection.php(292): mysqli->query('SELECT CONCAT(l...', 0)
#1 C:\xampp\htdocs\microfin\system\Database\BaseConnection.php(670): CodeIgniter\Database\MySQLi\Connection->execute('SELECT CONCAT(l...')
#2 C:\xampp\htdocs\microfin\system\Database\BaseConnection.php(598): CodeIgniter\Database\BaseConnection->simpleQuery('SELECT CONCAT(l...')
#3 C:\xampp\htdocs\microfin\system\Database\BaseBuilder.php(1443): CodeIgniter\Database\BaseConnection->query('SELECT CONCAT(l...', Array, false)
#4 C:\xampp\htdocs\microfin\system\Model.php(183): CodeIgniter\Database\BaseBuilder->get()
#5 C:\xampp\htdocs\microfin\system\BaseModel.php(584): CodeIgniter\Model->doFindAll(0, 0)
#6 C:\xampp\htdocs\microfin\app\Models\LoanModel.php(69): CodeIgniter\BaseModel->findAll()
#7 C:\xampp\htdocs\microfin\app\Controllers\Loan.php(143): App\Models\LoanModel->get_data_by_line(NULL)
#8 C:\xampp\htdocs\microfin\system\CodeIgniter.php(824): App\Controllers\Loan->byline()
#9 C:\xampp\htdocs\microfin\system\CodeIgniter.php(410): CodeIgniter\CodeIgniter->runController(Object(App\Controllers\Loan))
#10 C:\xampp\htdocs\microfin\system\CodeIgniter.php(318): CodeIgniter\CodeIgniter->handleRequest(NULL, Object(Config\Cache), false)
#11 C:\xampp\htdocs\microfin\public\index.php(37): CodeIgniter\CodeIgniter->run()
#12 {main}
ERROR - 2022-01-10 03:54:20 --> Unknown column 'loan.amount' in 'field list'
CRITICAL - 2022-01-10 03:54:20 --> Unknown column 'loan.amount' in 'field list'
#0 C:\xampp\htdocs\microfin\system\Database\MySQLi\Connection.php(292): mysqli->query('SELECT CONCAT(l...', 0)
#1 C:\xampp\htdocs\microfin\system\Database\BaseConnection.php(670): CodeIgniter\Database\MySQLi\Connection->execute('SELECT CONCAT(l...')
#2 C:\xampp\htdocs\microfin\system\Database\BaseConnection.php(598): CodeIgniter\Database\BaseConnection->simpleQuery('SELECT CONCAT(l...')
#3 C:\xampp\htdocs\microfin\system\Database\BaseBuilder.php(1443): CodeIgniter\Database\BaseConnection->query('SELECT CONCAT(l...', Array, false)
#4 C:\xampp\htdocs\microfin\system\Model.php(183): CodeIgniter\Database\BaseBuilder->get()
#5 C:\xampp\htdocs\microfin\system\BaseModel.php(584): CodeIgniter\Model->doFindAll(0, 0)
#6 C:\xampp\htdocs\microfin\app\Models\LoanModel.php(69): CodeIgniter\BaseModel->findAll()
#7 C:\xampp\htdocs\microfin\app\Controllers\Loan.php(143): App\Models\LoanModel->get_data_by_line(NULL)
#8 C:\xampp\htdocs\microfin\system\CodeIgniter.php(824): App\Controllers\Loan->byline()
#9 C:\xampp\htdocs\microfin\system\CodeIgniter.php(410): CodeIgniter\CodeIgniter->runController(Object(App\Controllers\Loan))
#10 C:\xampp\htdocs\microfin\system\CodeIgniter.php(318): CodeIgniter\CodeIgniter->handleRequest(NULL, Object(Config\Cache), false)
#11 C:\xampp\htdocs\microfin\public\index.php(37): CodeIgniter\CodeIgniter->run()
#12 {main}
