CRITICAL - 2022-01-03 00:48:45 --> Undefined variable: builder_2
#0 C:\xampp\htdocs\microfin\app\Models\LoanModel.php(43): CodeIgniter\Debug\Exceptions->errorHandler(8, 'Undefined varia...', 'C:\\xampp\\htdocs...', 43, Array)
#1 C:\xampp\htdocs\microfin\app\Controllers\LoanController.php(21): App\Models\LoanModel->getguarntorlist()
#2 C:\xampp\htdocs\microfin\system\CodeIgniter.php(824): App\Controllers\LoanController->index()
#3 C:\xampp\htdocs\microfin\system\CodeIgniter.php(410): CodeIgniter\CodeIgniter->runController(Object(App\Controllers\LoanController))
#4 C:\xampp\htdocs\microfin\system\CodeIgniter.php(318): CodeIgniter\CodeIgniter->handleRequest(NULL, Object(Config\Cache), false)
#5 C:\xampp\htdocs\microfin\public\index.php(37): CodeIgniter\CodeIgniter->run()
#6 {main}
CRITICAL - 2022-01-03 01:12:07 --> Invalid argument supplied for foreach()
#0 C:\xampp\htdocs\microfin\app\Views\loan_new.php(135): CodeIgniter\Debug\Exceptions->errorHandler(2, 'Invalid argumen...', 'C:\\xampp\\htdocs...', 135, Array)
#1 C:\xampp\htdocs\microfin\system\View\View.php(214): include('C:\\xampp\\htdocs...')
#2 C:\xampp\htdocs\microfin\system\View\View.php(217): CodeIgniter\View\View->CodeIgniter\View\{closure}()
#3 C:\xampp\htdocs\microfin\system\Common.php(1097): CodeIgniter\View\View->render('loan_new', Array, true)
#4 C:\xampp\htdocs\microfin\app\Controllers\LoanController.php(24): view('loan_new', Array)
#5 C:\xampp\htdocs\microfin\system\CodeIgniter.php(824): App\Controllers\LoanController->index()
#6 C:\xampp\htdocs\microfin\system\CodeIgniter.php(410): CodeIgniter\CodeIgniter->runController(Object(App\Controllers\LoanController))
#7 C:\xampp\htdocs\microfin\system\CodeIgniter.php(318): CodeIgniter\CodeIgniter->handleRequest(NULL, Object(Config\Cache), false)
#8 C:\xampp\htdocs\microfin\public\index.php(37): CodeIgniter\CodeIgniter->run()
#9 {main}
CRITICAL - 2022-01-03 01:20:18 --> Call to a member function getguarntorlist() on null
#0 C:\xampp\htdocs\microfin\system\View\View.php(214): include()
#1 C:\xampp\htdocs\microfin\system\View\View.php(217): CodeIgniter\View\View->CodeIgniter\View\{closure}()
#2 C:\xampp\htdocs\microfin\system\Common.php(1097): CodeIgniter\View\View->render('loan_new', Array, true)
#3 C:\xampp\htdocs\microfin\app\Controllers\LoanController.php(24): view('loan_new', Array)
#4 C:\xampp\htdocs\microfin\system\CodeIgniter.php(824): App\Controllers\LoanController->index()
#5 C:\xampp\htdocs\microfin\system\CodeIgniter.php(410): CodeIgniter\CodeIgniter->runController(Object(App\Controllers\LoanController))
#6 C:\xampp\htdocs\microfin\system\CodeIgniter.php(318): CodeIgniter\CodeIgniter->handleRequest(NULL, Object(Config\Cache), false)
#7 C:\xampp\htdocs\microfin\public\index.php(37): CodeIgniter\CodeIgniter->run()
#8 {main}
CRITICAL - 2022-01-03 01:20:53 --> Call to a member function result() on null
#0 C:\xampp\htdocs\microfin\system\View\View.php(214): include()
#1 C:\xampp\htdocs\microfin\system\View\View.php(217): CodeIgniter\View\View->CodeIgniter\View\{closure}()
#2 C:\xampp\htdocs\microfin\system\Common.php(1097): CodeIgniter\View\View->render('loan_new', Array, true)
#3 C:\xampp\htdocs\microfin\app\Controllers\LoanController.php(24): view('loan_new', Array)
#4 C:\xampp\htdocs\microfin\system\CodeIgniter.php(824): App\Controllers\LoanController->index()
#5 C:\xampp\htdocs\microfin\system\CodeIgniter.php(410): CodeIgniter\CodeIgniter->runController(Object(App\Controllers\LoanController))
#6 C:\xampp\htdocs\microfin\system\CodeIgniter.php(318): CodeIgniter\CodeIgniter->handleRequest(NULL, Object(Config\Cache), false)
#7 C:\xampp\htdocs\microfin\public\index.php(37): CodeIgniter\CodeIgniter->run()
#8 {main}
CRITICAL - 2022-01-03 01:26:50 --> Argument 1 passed to CodeIgniter\Database\BaseConnection::query() must be of the type string, object given, called in C:\xampp\htdocs\microfin\app\Models\LoanModel.php on line 46
#0 C:\xampp\htdocs\microfin\app\Models\LoanModel.php(46): CodeIgniter\Database\BaseConnection->query(Object(CodeIgniter\Database\MySQLi\Result))
#1 C:\xampp\htdocs\microfin\app\Controllers\LoanController.php(21): App\Models\LoanModel->getguarntorlist()
#2 C:\xampp\htdocs\microfin\system\CodeIgniter.php(824): App\Controllers\LoanController->index()
#3 C:\xampp\htdocs\microfin\system\CodeIgniter.php(410): CodeIgniter\CodeIgniter->runController(Object(App\Controllers\LoanController))
#4 C:\xampp\htdocs\microfin\system\CodeIgniter.php(318): CodeIgniter\CodeIgniter->handleRequest(NULL, Object(Config\Cache), false)
#5 C:\xampp\htdocs\microfin\public\index.php(37): CodeIgniter\CodeIgniter->run()
#6 {main}
CRITICAL - 2022-01-03 01:32:10 --> Call to undefined method CodeIgniter\Database\MySQLi\Connection::select()
#0 C:\xampp\htdocs\microfin\app\Controllers\LoanController.php(21): App\Models\LoanModel->getguarntorlist()
#1 C:\xampp\htdocs\microfin\system\CodeIgniter.php(824): App\Controllers\LoanController->index()
#2 C:\xampp\htdocs\microfin\system\CodeIgniter.php(410): CodeIgniter\CodeIgniter->runController(Object(App\Controllers\LoanController))
#3 C:\xampp\htdocs\microfin\system\CodeIgniter.php(318): CodeIgniter\CodeIgniter->handleRequest(NULL, Object(Config\Cache), false)
#4 C:\xampp\htdocs\microfin\public\index.php(37): CodeIgniter\CodeIgniter->run()
#5 {main}
CRITICAL - 2022-01-03 01:56:45 --> Call to a member function result() on null
#0 C:\xampp\htdocs\microfin\system\View\View.php(214): include()
#1 C:\xampp\htdocs\microfin\system\View\View.php(217): CodeIgniter\View\View->CodeIgniter\View\{closure}()
#2 C:\xampp\htdocs\microfin\system\Common.php(1097): CodeIgniter\View\View->render('loan_new', Array, true)
#3 C:\xampp\htdocs\microfin\app\Controllers\LoanController.php(24): view('loan_new', Array)
#4 C:\xampp\htdocs\microfin\system\CodeIgniter.php(824): App\Controllers\LoanController->index()
#5 C:\xampp\htdocs\microfin\system\CodeIgniter.php(410): CodeIgniter\CodeIgniter->runController(Object(App\Controllers\LoanController))
#6 C:\xampp\htdocs\microfin\system\CodeIgniter.php(318): CodeIgniter\CodeIgniter->handleRequest(NULL, Object(Config\Cache), false)
#7 C:\xampp\htdocs\microfin\public\index.php(37): CodeIgniter\CodeIgniter->run()
#8 {main}
CRITICAL - 2022-01-03 02:10:01 --> Call to undefined method CodeIgniter\Database\MySQLi\Result::result()
#0 C:\xampp\htdocs\microfin\app\Controllers\LoanController.php(21): App\Models\LoanModel->getguarntorlist()
#1 C:\xampp\htdocs\microfin\system\CodeIgniter.php(824): App\Controllers\LoanController->index()
#2 C:\xampp\htdocs\microfin\system\CodeIgniter.php(410): CodeIgniter\CodeIgniter->runController(Object(App\Controllers\LoanController))
#3 C:\xampp\htdocs\microfin\system\CodeIgniter.php(318): CodeIgniter\CodeIgniter->handleRequest(NULL, Object(Config\Cache), false)
#4 C:\xampp\htdocs\microfin\public\index.php(37): CodeIgniter\CodeIgniter->run()
#5 {main}
CRITICAL - 2022-01-03 02:10:19 --> Undefined property: CodeIgniter\Database\MySQLi\Result::$result
#0 C:\xampp\htdocs\microfin\app\Models\LoanModel.php(40): CodeIgniter\Debug\Exceptions->errorHandler(8, 'Undefined prope...', 'C:\\xampp\\htdocs...', 40, Array)
#1 C:\xampp\htdocs\microfin\app\Controllers\LoanController.php(21): App\Models\LoanModel->getguarntorlist()
#2 C:\xampp\htdocs\microfin\system\CodeIgniter.php(824): App\Controllers\LoanController->index()
#3 C:\xampp\htdocs\microfin\system\CodeIgniter.php(410): CodeIgniter\CodeIgniter->runController(Object(App\Controllers\LoanController))
#4 C:\xampp\htdocs\microfin\system\CodeIgniter.php(318): CodeIgniter\CodeIgniter->handleRequest(NULL, Object(Config\Cache), false)
#5 C:\xampp\htdocs\microfin\public\index.php(37): CodeIgniter\CodeIgniter->run()
#6 {main}
CRITICAL - 2022-01-03 02:11:31 --> Call to a member function result() on null
#0 C:\xampp\htdocs\microfin\system\CodeIgniter.php(824): App\Controllers\LoanController->index()
#1 C:\xampp\htdocs\microfin\system\CodeIgniter.php(410): CodeIgniter\CodeIgniter->runController(Object(App\Controllers\LoanController))
#2 C:\xampp\htdocs\microfin\system\CodeIgniter.php(318): CodeIgniter\CodeIgniter->handleRequest(NULL, Object(Config\Cache), false)
#3 C:\xampp\htdocs\microfin\public\index.php(37): CodeIgniter\CodeIgniter->run()
#4 {main}
CRITICAL - 2022-01-03 02:11:50 --> Call to a member function result() on null
#0 C:\xampp\htdocs\microfin\system\View\View.php(214): include()
#1 C:\xampp\htdocs\microfin\system\View\View.php(217): CodeIgniter\View\View->CodeIgniter\View\{closure}()
#2 C:\xampp\htdocs\microfin\system\Common.php(1097): CodeIgniter\View\View->render('loan_new', Array, true)
#3 C:\xampp\htdocs\microfin\app\Controllers\LoanController.php(24): view('loan_new', Array)
#4 C:\xampp\htdocs\microfin\system\CodeIgniter.php(824): App\Controllers\LoanController->index()
#5 C:\xampp\htdocs\microfin\system\CodeIgniter.php(410): CodeIgniter\CodeIgniter->runController(Object(App\Controllers\LoanController))
#6 C:\xampp\htdocs\microfin\system\CodeIgniter.php(318): CodeIgniter\CodeIgniter->handleRequest(NULL, Object(Config\Cache), false)
#7 C:\xampp\htdocs\microfin\public\index.php(37): CodeIgniter\CodeIgniter->run()
#8 {main}
CRITICAL - 2022-01-03 02:12:12 --> Invalid argument supplied for foreach()
#0 C:\xampp\htdocs\microfin\app\Views\loan_new.php(135): CodeIgniter\Debug\Exceptions->errorHandler(2, 'Invalid argumen...', 'C:\\xampp\\htdocs...', 135, Array)
#1 C:\xampp\htdocs\microfin\system\View\View.php(214): include('C:\\xampp\\htdocs...')
#2 C:\xampp\htdocs\microfin\system\View\View.php(217): CodeIgniter\View\View->CodeIgniter\View\{closure}()
#3 C:\xampp\htdocs\microfin\system\Common.php(1097): CodeIgniter\View\View->render('loan_new', Array, true)
#4 C:\xampp\htdocs\microfin\app\Controllers\LoanController.php(24): view('loan_new', Array)
#5 C:\xampp\htdocs\microfin\system\CodeIgniter.php(824): App\Controllers\LoanController->index()
#6 C:\xampp\htdocs\microfin\system\CodeIgniter.php(410): CodeIgniter\CodeIgniter->runController(Object(App\Controllers\LoanController))
#7 C:\xampp\htdocs\microfin\system\CodeIgniter.php(318): CodeIgniter\CodeIgniter->handleRequest(NULL, Object(Config\Cache), false)
#8 C:\xampp\htdocs\microfin\public\index.php(37): CodeIgniter\CodeIgniter->run()
#9 {main}
CRITICAL - 2022-01-03 02:38:09 --> Call to undefined method CodeIgniter\Database\MySQLi\Result::result()
#0 C:\xampp\htdocs\microfin\app\Controllers\LoanController.php(21): App\Models\LoanModel->getguarntorlist()
#1 C:\xampp\htdocs\microfin\system\CodeIgniter.php(824): App\Controllers\LoanController->index()
#2 C:\xampp\htdocs\microfin\system\CodeIgniter.php(410): CodeIgniter\CodeIgniter->runController(Object(App\Controllers\LoanController))
#3 C:\xampp\htdocs\microfin\system\CodeIgniter.php(318): CodeIgniter\CodeIgniter->handleRequest(NULL, Object(Config\Cache), false)
#4 C:\xampp\htdocs\microfin\public\index.php(37): CodeIgniter\CodeIgniter->run()
#5 {main}
CRITICAL - 2022-01-03 02:38:43 --> Invalid argument supplied for foreach()
#0 C:\xampp\htdocs\microfin\app\Views\loan_new.php(135): CodeIgniter\Debug\Exceptions->errorHandler(2, 'Invalid argumen...', 'C:\\xampp\\htdocs...', 135, Array)
#1 C:\xampp\htdocs\microfin\system\View\View.php(214): include('C:\\xampp\\htdocs...')
#2 C:\xampp\htdocs\microfin\system\View\View.php(217): CodeIgniter\View\View->CodeIgniter\View\{closure}()
#3 C:\xampp\htdocs\microfin\system\Common.php(1097): CodeIgniter\View\View->render('loan_new', Array, true)
#4 C:\xampp\htdocs\microfin\app\Controllers\LoanController.php(24): view('loan_new', Array)
#5 C:\xampp\htdocs\microfin\system\CodeIgniter.php(824): App\Controllers\LoanController->index()
#6 C:\xampp\htdocs\microfin\system\CodeIgniter.php(410): CodeIgniter\CodeIgniter->runController(Object(App\Controllers\LoanController))
#7 C:\xampp\htdocs\microfin\system\CodeIgniter.php(318): CodeIgniter\CodeIgniter->handleRequest(NULL, Object(Config\Cache), false)
#8 C:\xampp\htdocs\microfin\public\index.php(37): CodeIgniter\CodeIgniter->run()
#9 {main}
CRITICAL - 2022-01-03 02:44:31 --> Invalid argument supplied for foreach()
#0 C:\xampp\htdocs\microfin\app\Views\loan_new.php(135): CodeIgniter\Debug\Exceptions->errorHandler(2, 'Invalid argumen...', 'C:\\xampp\\htdocs...', 135, Array)
#1 C:\xampp\htdocs\microfin\system\View\View.php(214): include('C:\\xampp\\htdocs...')
#2 C:\xampp\htdocs\microfin\system\View\View.php(217): CodeIgniter\View\View->CodeIgniter\View\{closure}()
#3 C:\xampp\htdocs\microfin\system\Common.php(1097): CodeIgniter\View\View->render('loan_new', Array, true)
#4 C:\xampp\htdocs\microfin\app\Controllers\LoanController.php(24): view('loan_new', Array)
#5 C:\xampp\htdocs\microfin\system\CodeIgniter.php(824): App\Controllers\LoanController->index()
#6 C:\xampp\htdocs\microfin\system\CodeIgniter.php(410): CodeIgniter\CodeIgniter->runController(Object(App\Controllers\LoanController))
#7 C:\xampp\htdocs\microfin\system\CodeIgniter.php(318): CodeIgniter\CodeIgniter->handleRequest(NULL, Object(Config\Cache), false)
#8 C:\xampp\htdocs\microfin\public\index.php(37): CodeIgniter\CodeIgniter->run()
#9 {main}
CRITICAL - 2022-01-03 02:44:33 --> Invalid argument supplied for foreach()
#0 C:\xampp\htdocs\microfin\app\Views\loan_new.php(135): CodeIgniter\Debug\Exceptions->errorHandler(2, 'Invalid argumen...', 'C:\\xampp\\htdocs...', 135, Array)
#1 C:\xampp\htdocs\microfin\system\View\View.php(214): include('C:\\xampp\\htdocs...')
#2 C:\xampp\htdocs\microfin\system\View\View.php(217): CodeIgniter\View\View->CodeIgniter\View\{closure}()
#3 C:\xampp\htdocs\microfin\system\Common.php(1097): CodeIgniter\View\View->render('loan_new', Array, true)
#4 C:\xampp\htdocs\microfin\app\Controllers\LoanController.php(24): view('loan_new', Array)
#5 C:\xampp\htdocs\microfin\system\CodeIgniter.php(824): App\Controllers\LoanController->index()
#6 C:\xampp\htdocs\microfin\system\CodeIgniter.php(410): CodeIgniter\CodeIgniter->runController(Object(App\Controllers\LoanController))
#7 C:\xampp\htdocs\microfin\system\CodeIgniter.php(318): CodeIgniter\CodeIgniter->handleRequest(NULL, Object(Config\Cache), false)
#8 C:\xampp\htdocs\microfin\public\index.php(37): CodeIgniter\CodeIgniter->run()
#9 {main}
CRITICAL - 2022-01-03 02:44:36 --> Invalid argument supplied for foreach()
#0 C:\xampp\htdocs\microfin\app\Views\loan_new.php(135): CodeIgniter\Debug\Exceptions->errorHandler(2, 'Invalid argumen...', 'C:\\xampp\\htdocs...', 135, Array)
#1 C:\xampp\htdocs\microfin\system\View\View.php(214): include('C:\\xampp\\htdocs...')
#2 C:\xampp\htdocs\microfin\system\View\View.php(217): CodeIgniter\View\View->CodeIgniter\View\{closure}()
#3 C:\xampp\htdocs\microfin\system\Common.php(1097): CodeIgniter\View\View->render('loan_new', Array, true)
#4 C:\xampp\htdocs\microfin\app\Controllers\LoanController.php(24): view('loan_new', Array)
#5 C:\xampp\htdocs\microfin\system\CodeIgniter.php(824): App\Controllers\LoanController->index()
#6 C:\xampp\htdocs\microfin\system\CodeIgniter.php(410): CodeIgniter\CodeIgniter->runController(Object(App\Controllers\LoanController))
#7 C:\xampp\htdocs\microfin\system\CodeIgniter.php(318): CodeIgniter\CodeIgniter->handleRequest(NULL, Object(Config\Cache), false)
#8 C:\xampp\htdocs\microfin\public\index.php(37): CodeIgniter\CodeIgniter->run()
#9 {main}
CRITICAL - 2022-01-03 02:45:32 --> Call to a member function result() on null
#0 C:\xampp\htdocs\microfin\system\View\View.php(214): include()
#1 C:\xampp\htdocs\microfin\system\View\View.php(217): CodeIgniter\View\View->CodeIgniter\View\{closure}()
#2 C:\xampp\htdocs\microfin\system\Common.php(1097): CodeIgniter\View\View->render('loan_new', Array, true)
#3 C:\xampp\htdocs\microfin\app\Controllers\LoanController.php(24): view('loan_new', Array)
#4 C:\xampp\htdocs\microfin\system\CodeIgniter.php(824): App\Controllers\LoanController->index()
#5 C:\xampp\htdocs\microfin\system\CodeIgniter.php(410): CodeIgniter\CodeIgniter->runController(Object(App\Controllers\LoanController))
#6 C:\xampp\htdocs\microfin\system\CodeIgniter.php(318): CodeIgniter\CodeIgniter->handleRequest(NULL, Object(Config\Cache), false)
#7 C:\xampp\htdocs\microfin\public\index.php(37): CodeIgniter\CodeIgniter->run()
#8 {main}
CRITICAL - 2022-01-03 02:45:34 --> Call to a member function result() on null
#0 C:\xampp\htdocs\microfin\system\View\View.php(214): include()
#1 C:\xampp\htdocs\microfin\system\View\View.php(217): CodeIgniter\View\View->CodeIgniter\View\{closure}()
#2 C:\xampp\htdocs\microfin\system\Common.php(1097): CodeIgniter\View\View->render('loan_new', Array, true)
#3 C:\xampp\htdocs\microfin\app\Controllers\LoanController.php(24): view('loan_new', Array)
#4 C:\xampp\htdocs\microfin\system\CodeIgniter.php(824): App\Controllers\LoanController->index()
#5 C:\xampp\htdocs\microfin\system\CodeIgniter.php(410): CodeIgniter\CodeIgniter->runController(Object(App\Controllers\LoanController))
#6 C:\xampp\htdocs\microfin\system\CodeIgniter.php(318): CodeIgniter\CodeIgniter->handleRequest(NULL, Object(Config\Cache), false)
#7 C:\xampp\htdocs\microfin\public\index.php(37): CodeIgniter\CodeIgniter->run()
#8 {main}
CRITICAL - 2022-01-03 03:14:22 --> Call to a member function result() on null
#0 C:\xampp\htdocs\microfin\system\View\View.php(214): include()
#1 C:\xampp\htdocs\microfin\system\View\View.php(217): CodeIgniter\View\View->CodeIgniter\View\{closure}()
#2 C:\xampp\htdocs\microfin\system\Common.php(1097): CodeIgniter\View\View->render('loan_new', Array, true)
#3 C:\xampp\htdocs\microfin\app\Controllers\LoanController.php(24): view('loan_new', Array)
#4 C:\xampp\htdocs\microfin\system\CodeIgniter.php(824): App\Controllers\LoanController->index()
#5 C:\xampp\htdocs\microfin\system\CodeIgniter.php(410): CodeIgniter\CodeIgniter->runController(Object(App\Controllers\LoanController))
#6 C:\xampp\htdocs\microfin\system\CodeIgniter.php(318): CodeIgniter\CodeIgniter->handleRequest(NULL, Object(Config\Cache), false)
#7 C:\xampp\htdocs\microfin\public\index.php(37): CodeIgniter\CodeIgniter->run()
#8 {main}
CRITICAL - 2022-01-03 03:29:28 --> Call to undefined method CodeIgniter\Database\MySQLi\Result::result()
#0 C:\xampp\htdocs\microfin\app\Controllers\LoanController.php(21): App\Models\LoanModel->getguarntorlist()
#1 C:\xampp\htdocs\microfin\system\CodeIgniter.php(824): App\Controllers\LoanController->index()
#2 C:\xampp\htdocs\microfin\system\CodeIgniter.php(410): CodeIgniter\CodeIgniter->runController(Object(App\Controllers\LoanController))
#3 C:\xampp\htdocs\microfin\system\CodeIgniter.php(318): CodeIgniter\CodeIgniter->handleRequest(NULL, Object(Config\Cache), false)
#4 C:\xampp\htdocs\microfin\public\index.php(37): CodeIgniter\CodeIgniter->run()
#5 {main}
CRITICAL - 2022-01-03 03:30:46 --> Call to undefined method CodeIgniter\Database\MySQLi\Result::result()
#0 C:\xampp\htdocs\microfin\app\Controllers\LoanController.php(21): App\Models\LoanModel->getguarntorlist()
#1 C:\xampp\htdocs\microfin\system\CodeIgniter.php(824): App\Controllers\LoanController->index()
#2 C:\xampp\htdocs\microfin\system\CodeIgniter.php(410): CodeIgniter\CodeIgniter->runController(Object(App\Controllers\LoanController))
#3 C:\xampp\htdocs\microfin\system\CodeIgniter.php(318): CodeIgniter\CodeIgniter->handleRequest(NULL, Object(Config\Cache), false)
#4 C:\xampp\htdocs\microfin\public\index.php(37): CodeIgniter\CodeIgniter->run()
#5 {main}
CRITICAL - 2022-01-03 03:30:50 --> Call to undefined method CodeIgniter\Database\MySQLi\Result::result()
#0 C:\xampp\htdocs\microfin\app\Controllers\LoanController.php(21): App\Models\LoanModel->getguarntorlist()
#1 C:\xampp\htdocs\microfin\system\CodeIgniter.php(824): App\Controllers\LoanController->index()
#2 C:\xampp\htdocs\microfin\system\CodeIgniter.php(410): CodeIgniter\CodeIgniter->runController(Object(App\Controllers\LoanController))
#3 C:\xampp\htdocs\microfin\system\CodeIgniter.php(318): CodeIgniter\CodeIgniter->handleRequest(NULL, Object(Config\Cache), false)
#4 C:\xampp\htdocs\microfin\public\index.php(37): CodeIgniter\CodeIgniter->run()
#5 {main}
CRITICAL - 2022-01-03 03:31:07 --> Call to a member function getResult() on null
#0 C:\xampp\htdocs\microfin\system\View\View.php(214): include()
#1 C:\xampp\htdocs\microfin\system\View\View.php(217): CodeIgniter\View\View->CodeIgniter\View\{closure}()
#2 C:\xampp\htdocs\microfin\system\Common.php(1097): CodeIgniter\View\View->render('loan_new', Array, true)
#3 C:\xampp\htdocs\microfin\app\Controllers\LoanController.php(24): view('loan_new', Array)
#4 C:\xampp\htdocs\microfin\system\CodeIgniter.php(824): App\Controllers\LoanController->index()
#5 C:\xampp\htdocs\microfin\system\CodeIgniter.php(410): CodeIgniter\CodeIgniter->runController(Object(App\Controllers\LoanController))
#6 C:\xampp\htdocs\microfin\system\CodeIgniter.php(318): CodeIgniter\CodeIgniter->handleRequest(NULL, Object(Config\Cache), false)
#7 C:\xampp\htdocs\microfin\public\index.php(37): CodeIgniter\CodeIgniter->run()
#8 {main}
CRITICAL - 2022-01-03 05:24:53 --> Undefined variable: data
#0 C:\xampp\htdocs\microfin\app\Views\loan_new.php(135): CodeIgniter\Debug\Exceptions->errorHandler(8, 'Undefined varia...', 'C:\\xampp\\htdocs...', 135, Array)
#1 C:\xampp\htdocs\microfin\system\View\View.php(214): include('C:\\xampp\\htdocs...')
#2 C:\xampp\htdocs\microfin\system\View\View.php(217): CodeIgniter\View\View->CodeIgniter\View\{closure}()
#3 C:\xampp\htdocs\microfin\system\Common.php(1097): CodeIgniter\View\View->render('loan_new', Array, true)
#4 C:\xampp\htdocs\microfin\app\Controllers\LoanController.php(24): view('loan_new', Array)
#5 C:\xampp\htdocs\microfin\system\CodeIgniter.php(824): App\Controllers\LoanController->index()
#6 C:\xampp\htdocs\microfin\system\CodeIgniter.php(410): CodeIgniter\CodeIgniter->runController(Object(App\Controllers\LoanController))
#7 C:\xampp\htdocs\microfin\system\CodeIgniter.php(318): CodeIgniter\CodeIgniter->handleRequest(NULL, Object(Config\Cache), false)
#8 C:\xampp\htdocs\microfin\public\index.php(37): CodeIgniter\CodeIgniter->run()
#9 {main}
CRITICAL - 2022-01-03 05:25:43 --> Call to a member function getResult() on null
#0 C:\xampp\htdocs\microfin\system\View\View.php(214): include()
#1 C:\xampp\htdocs\microfin\system\View\View.php(217): CodeIgniter\View\View->CodeIgniter\View\{closure}()
#2 C:\xampp\htdocs\microfin\system\Common.php(1097): CodeIgniter\View\View->render('loan_new', Array, true)
#3 C:\xampp\htdocs\microfin\app\Controllers\LoanController.php(24): view('loan_new', Array)
#4 C:\xampp\htdocs\microfin\system\CodeIgniter.php(824): App\Controllers\LoanController->index()
#5 C:\xampp\htdocs\microfin\system\CodeIgniter.php(410): CodeIgniter\CodeIgniter->runController(Object(App\Controllers\LoanController))
#6 C:\xampp\htdocs\microfin\system\CodeIgniter.php(318): CodeIgniter\CodeIgniter->handleRequest(NULL, Object(Config\Cache), false)
#7 C:\xampp\htdocs\microfin\public\index.php(37): CodeIgniter\CodeIgniter->run()
#8 {main}
CRITICAL - 2022-01-03 05:28:09 --> Call to undefined method CodeIgniter\Database\MySQLi\Result::result()
#0 C:\xampp\htdocs\microfin\app\Controllers\LoanController.php(21): App\Models\LoanModel->getguarntorlist()
#1 C:\xampp\htdocs\microfin\system\CodeIgniter.php(824): App\Controllers\LoanController->index()
#2 C:\xampp\htdocs\microfin\system\CodeIgniter.php(410): CodeIgniter\CodeIgniter->runController(Object(App\Controllers\LoanController))
#3 C:\xampp\htdocs\microfin\system\CodeIgniter.php(318): CodeIgniter\CodeIgniter->handleRequest(NULL, Object(Config\Cache), false)
#4 C:\xampp\htdocs\microfin\public\index.php(37): CodeIgniter\CodeIgniter->run()
#5 {main}
CRITICAL - 2022-01-03 05:28:49 --> Call to a member function getResult() on array
#0 C:\xampp\htdocs\microfin\system\View\View.php(214): include()
#1 C:\xampp\htdocs\microfin\system\View\View.php(217): CodeIgniter\View\View->CodeIgniter\View\{closure}()
#2 C:\xampp\htdocs\microfin\system\Common.php(1097): CodeIgniter\View\View->render('loan_new', Array, true)
#3 C:\xampp\htdocs\microfin\app\Controllers\LoanController.php(24): view('loan_new', Array)
#4 C:\xampp\htdocs\microfin\system\CodeIgniter.php(824): App\Controllers\LoanController->index()
#5 C:\xampp\htdocs\microfin\system\CodeIgniter.php(410): CodeIgniter\CodeIgniter->runController(Object(App\Controllers\LoanController))
#6 C:\xampp\htdocs\microfin\system\CodeIgniter.php(318): CodeIgniter\CodeIgniter->handleRequest(NULL, Object(Config\Cache), false)
#7 C:\xampp\htdocs\microfin\public\index.php(37): CodeIgniter\CodeIgniter->run()
#8 {main}
CRITICAL - 2022-01-03 05:29:25 --> Undefined variable: g
#0 C:\xampp\htdocs\microfin\app\Views\loan_new.php(136): CodeIgniter\Debug\Exceptions->errorHandler(8, 'Undefined varia...', 'C:\\xampp\\htdocs...', 136, Array)
#1 C:\xampp\htdocs\microfin\system\View\View.php(214): include('C:\\xampp\\htdocs...')
#2 C:\xampp\htdocs\microfin\system\View\View.php(217): CodeIgniter\View\View->CodeIgniter\View\{closure}()
#3 C:\xampp\htdocs\microfin\system\Common.php(1097): CodeIgniter\View\View->render('loan_new', Array, true)
#4 C:\xampp\htdocs\microfin\app\Controllers\LoanController.php(24): view('loan_new', Array)
#5 C:\xampp\htdocs\microfin\system\CodeIgniter.php(824): App\Controllers\LoanController->index()
#6 C:\xampp\htdocs\microfin\system\CodeIgniter.php(410): CodeIgniter\CodeIgniter->runController(Object(App\Controllers\LoanController))
#7 C:\xampp\htdocs\microfin\system\CodeIgniter.php(318): CodeIgniter\CodeIgniter->handleRequest(NULL, Object(Config\Cache), false)
#8 C:\xampp\htdocs\microfin\public\index.php(37): CodeIgniter\CodeIgniter->run()
#9 {main}
ERROR - 2022-01-03 06:02:48 --> Unknown column 'approved_date' in 'field list'
CRITICAL - 2022-01-03 06:02:48 --> Unknown column 'approved_date' in 'field list'
#0 C:\xampp\htdocs\microfin\system\Database\MySQLi\Connection.php(292): mysqli->query('INSERT INTO `lo...', 0)
#1 C:\xampp\htdocs\microfin\system\Database\BaseConnection.php(670): CodeIgniter\Database\MySQLi\Connection->execute('INSERT INTO `lo...')
#2 C:\xampp\htdocs\microfin\system\Database\BaseConnection.php(598): CodeIgniter\Database\BaseConnection->simpleQuery('INSERT INTO `lo...')
#3 C:\xampp\htdocs\microfin\system\Database\BaseBuilder.php(1759): CodeIgniter\Database\BaseConnection->query('INSERT INTO `lo...', Array, false)
#4 C:\xampp\htdocs\microfin\app\Models\LoanModel.php(58): CodeIgniter\Database\BaseBuilder->insert(Array)
#5 C:\xampp\htdocs\microfin\app\Controllers\LoanController.php(90): App\Models\LoanModel->insert_data(Array)
#6 C:\xampp\htdocs\microfin\system\CodeIgniter.php(824): App\Controllers\LoanController->save()
#7 C:\xampp\htdocs\microfin\system\CodeIgniter.php(410): CodeIgniter\CodeIgniter->runController(Object(App\Controllers\LoanController))
#8 C:\xampp\htdocs\microfin\system\CodeIgniter.php(318): CodeIgniter\CodeIgniter->handleRequest(NULL, Object(Config\Cache), false)
#9 C:\xampp\htdocs\microfin\public\index.php(37): CodeIgniter\CodeIgniter->run()
#10 {main}
ERROR - 2022-01-03 22:47:41 --> You have an error in your SQL syntax; check the manual that corresponds to your MariaDB server version for the right syntax to use near ')from customer' at line 1
CRITICAL - 2022-01-03 22:47:41 --> You have an error in your SQL syntax; check the manual that corresponds to your MariaDB server version for the right syntax to use near ')from customer' at line 1
#0 C:\xampp\htdocs\microfin\system\Database\MySQLi\Connection.php(292): mysqli->query('SELECT id,CONCA...', 0)
#1 C:\xampp\htdocs\microfin\system\Database\BaseConnection.php(670): CodeIgniter\Database\MySQLi\Connection->execute('SELECT id,CONCA...')
#2 C:\xampp\htdocs\microfin\system\Database\BaseConnection.php(598): CodeIgniter\Database\BaseConnection->simpleQuery('SELECT id,CONCA...')
#3 C:\xampp\htdocs\microfin\app\Models\LoanModel.php(39): CodeIgniter\Database\BaseConnection->query('SELECT id,CONCA...')
#4 C:\xampp\htdocs\microfin\app\Controllers\LoanController.php(21): App\Models\LoanModel->getguarntorlist()
#5 C:\xampp\htdocs\microfin\system\CodeIgniter.php(824): App\Controllers\LoanController->index()
#6 C:\xampp\htdocs\microfin\system\CodeIgniter.php(410): CodeIgniter\CodeIgniter->runController(Object(App\Controllers\LoanController))
#7 C:\xampp\htdocs\microfin\system\CodeIgniter.php(318): CodeIgniter\CodeIgniter->handleRequest(NULL, Object(Config\Cache), false)
#8 C:\xampp\htdocs\microfin\public\index.php(37): CodeIgniter\CodeIgniter->run()
#9 {main}
ERROR - 2022-01-03 22:50:13 --> Incorrect parameters in the call to native function 'CONCAT'
CRITICAL - 2022-01-03 22:50:13 --> Incorrect parameters in the call to native function 'CONCAT'
#0 C:\xampp\htdocs\microfin\system\Database\MySQLi\Connection.php(292): mysqli->query('SELECT id, CONC...', 0)
#1 C:\xampp\htdocs\microfin\system\Database\BaseConnection.php(670): CodeIgniter\Database\MySQLi\Connection->execute('SELECT id, CONC...')
#2 C:\xampp\htdocs\microfin\system\Database\BaseConnection.php(598): CodeIgniter\Database\BaseConnection->simpleQuery('SELECT id, CONC...')
#3 C:\xampp\htdocs\microfin\app\Models\LoanModel.php(39): CodeIgniter\Database\BaseConnection->query('SELECT id, CONC...')
#4 C:\xampp\htdocs\microfin\app\Controllers\LoanController.php(21): App\Models\LoanModel->getguarntorlist()
#5 C:\xampp\htdocs\microfin\system\CodeIgniter.php(824): App\Controllers\LoanController->index()
#6 C:\xampp\htdocs\microfin\system\CodeIgniter.php(410): CodeIgniter\CodeIgniter->runController(Object(App\Controllers\LoanController))
#7 C:\xampp\htdocs\microfin\system\CodeIgniter.php(318): CodeIgniter\CodeIgniter->handleRequest(NULL, Object(Config\Cache), false)
#8 C:\xampp\htdocs\microfin\public\index.php(37): CodeIgniter\CodeIgniter->run()
#9 {main}
CRITICAL - 2022-01-03 22:51:26 --> Undefined property: stdClass::$first_name
#0 C:\xampp\htdocs\microfin\app\Views\loan_new.php(128): CodeIgniter\Debug\Exceptions->errorHandler(8, 'Undefined prope...', 'C:\\xampp\\htdocs...', 128, Array)
#1 C:\xampp\htdocs\microfin\system\View\View.php(214): include('C:\\xampp\\htdocs...')
#2 C:\xampp\htdocs\microfin\system\View\View.php(217): CodeIgniter\View\View->CodeIgniter\View\{closure}()
#3 C:\xampp\htdocs\microfin\system\Common.php(1097): CodeIgniter\View\View->render('loan_new', Array, true)
#4 C:\xampp\htdocs\microfin\app\Controllers\LoanController.php(24): view('loan_new', Array)
#5 C:\xampp\htdocs\microfin\system\CodeIgniter.php(824): App\Controllers\LoanController->index()
#6 C:\xampp\htdocs\microfin\system\CodeIgniter.php(410): CodeIgniter\CodeIgniter->runController(Object(App\Controllers\LoanController))
#7 C:\xampp\htdocs\microfin\system\CodeIgniter.php(318): CodeIgniter\CodeIgniter->handleRequest(NULL, Object(Config\Cache), false)
#8 C:\xampp\htdocs\microfin\public\index.php(37): CodeIgniter\CodeIgniter->run()
#9 {main}
ERROR - 2022-01-03 23:31:11 --> Unknown column 'approved_date' in 'field list'
CRITICAL - 2022-01-03 23:31:11 --> Unknown column 'approved_date' in 'field list'
#0 C:\xampp\htdocs\microfin\system\Database\MySQLi\Connection.php(292): mysqli->query('INSERT INTO `lo...', 0)
#1 C:\xampp\htdocs\microfin\system\Database\BaseConnection.php(670): CodeIgniter\Database\MySQLi\Connection->execute('INSERT INTO `lo...')
#2 C:\xampp\htdocs\microfin\system\Database\BaseConnection.php(598): CodeIgniter\Database\BaseConnection->simpleQuery('INSERT INTO `lo...')
#3 C:\xampp\htdocs\microfin\system\Database\BaseBuilder.php(1759): CodeIgniter\Database\BaseConnection->query('INSERT INTO `lo...', Array, false)
#4 C:\xampp\htdocs\microfin\app\Models\LoanModel.php(47): CodeIgniter\Database\BaseBuilder->insert(Array)
#5 C:\xampp\htdocs\microfin\app\Controllers\LoanController.php(90): App\Models\LoanModel->insert_data(Array)
#6 C:\xampp\htdocs\microfin\system\CodeIgniter.php(824): App\Controllers\LoanController->save()
#7 C:\xampp\htdocs\microfin\system\CodeIgniter.php(410): CodeIgniter\CodeIgniter->runController(Object(App\Controllers\LoanController))
#8 C:\xampp\htdocs\microfin\system\CodeIgniter.php(318): CodeIgniter\CodeIgniter->handleRequest(NULL, Object(Config\Cache), false)
#9 C:\xampp\htdocs\microfin\public\index.php(37): CodeIgniter\CodeIgniter->run()
#10 {main}
