CRITICAL - 2022-02-19 08:27:33 --> syntax error, unexpected '$total_interast_amount' (T_VARIABLE)
#0 C:\xampp\htdocs\microfin\system\Router\Router.php(176): CodeIgniter\Router\Router->autoRoute('loan/get')
#1 C:\xampp\htdocs\microfin\system\CodeIgniter.php(718): CodeIgniter\Router\Router->handle('loan/get')
#2 C:\xampp\htdocs\microfin\system\CodeIgniter.php(359): CodeIgniter\CodeIgniter->tryToRouteIt(Object(CodeIgniter\Router\RouteCollection))
#3 C:\xampp\htdocs\microfin\system\CodeIgniter.php(318): CodeIgniter\CodeIgniter->handleRequest(NULL, Object(Config\Cache), false)
#4 C:\xampp\htdocs\microfin\public\index.php(37): CodeIgniter\CodeIgniter->run()
#5 {main}
CRITICAL - 2022-02-19 08:33:11 --> syntax error, unexpected '$total_interast_amount' (T_VARIABLE)
#0 C:\xampp\htdocs\microfin\system\Router\Router.php(176): CodeIgniter\Router\Router->autoRoute('loan/get')
#1 C:\xampp\htdocs\microfin\system\CodeIgniter.php(718): CodeIgniter\Router\Router->handle('loan/get')
#2 C:\xampp\htdocs\microfin\system\CodeIgniter.php(359): CodeIgniter\CodeIgniter->tryToRouteIt(Object(CodeIgniter\Router\RouteCollection))
#3 C:\xampp\htdocs\microfin\system\CodeIgniter.php(318): CodeIgniter\CodeIgniter->handleRequest(NULL, Object(Config\Cache), false)
#4 C:\xampp\htdocs\microfin\public\index.php(37): CodeIgniter\CodeIgniter->run()
#5 {main}
CRITICAL - 2022-02-19 14:09:36 --> syntax error, unexpected '$total_interast_amount' (T_VARIABLE)
#0 C:\xampp\htdocs\microfin\system\Router\Router.php(176): CodeIgniter\Router\Router->autoRoute('loan/get')
#1 C:\xampp\htdocs\microfin\system\CodeIgniter.php(718): CodeIgniter\Router\Router->handle('loan/get')
#2 C:\xampp\htdocs\microfin\system\CodeIgniter.php(359): CodeIgniter\CodeIgniter->tryToRouteIt(Object(CodeIgniter\Router\RouteCollection))
#3 C:\xampp\htdocs\microfin\system\CodeIgniter.php(318): CodeIgniter\CodeIgniter->handleRequest(NULL, Object(Config\Cache), false)
#4 C:\xampp\htdocs\microfin\public\index.php(37): CodeIgniter\CodeIgniter->run()
#5 {main}
CRITICAL - 2022-02-19 14:12:54 --> syntax error, unexpected '$total_interast_amount' (T_VARIABLE)
#0 C:\xampp\htdocs\microfin\system\Router\Router.php(176): CodeIgniter\Router\Router->autoRoute('loan/get')
#1 C:\xampp\htdocs\microfin\system\CodeIgniter.php(718): CodeIgniter\Router\Router->handle('loan/get')
#2 C:\xampp\htdocs\microfin\system\CodeIgniter.php(359): CodeIgniter\CodeIgniter->tryToRouteIt(Object(CodeIgniter\Router\RouteCollection))
#3 C:\xampp\htdocs\microfin\system\CodeIgniter.php(318): CodeIgniter\CodeIgniter->handleRequest(NULL, Object(Config\Cache), false)
#4 C:\xampp\htdocs\microfin\public\index.php(37): CodeIgniter\CodeIgniter->run()
#5 {main}
CRITICAL - 2022-02-19 14:15:25 --> syntax error, unexpected '$total_interast_amount' (T_VARIABLE)
#0 C:\xampp\htdocs\microfin\system\Router\Router.php(176): CodeIgniter\Router\Router->autoRoute('loan/get')
#1 C:\xampp\htdocs\microfin\system\CodeIgniter.php(718): CodeIgniter\Router\Router->handle('loan/get')
#2 C:\xampp\htdocs\microfin\system\CodeIgniter.php(359): CodeIgniter\CodeIgniter->tryToRouteIt(Object(CodeIgniter\Router\RouteCollection))
#3 C:\xampp\htdocs\microfin\system\CodeIgniter.php(318): CodeIgniter\CodeIgniter->handleRequest(NULL, Object(Config\Cache), false)
#4 C:\xampp\htdocs\microfin\public\index.php(37): CodeIgniter\CodeIgniter->run()
#5 {main}
CRITICAL - 2022-02-19 14:15:29 --> syntax error, unexpected '$total_interast_amount' (T_VARIABLE)
#0 C:\xampp\htdocs\microfin\system\Router\Router.php(176): CodeIgniter\Router\Router->autoRoute('loan/get')
#1 C:\xampp\htdocs\microfin\system\CodeIgniter.php(718): CodeIgniter\Router\Router->handle('loan/get')
#2 C:\xampp\htdocs\microfin\system\CodeIgniter.php(359): CodeIgniter\CodeIgniter->tryToRouteIt(Object(CodeIgniter\Router\RouteCollection))
#3 C:\xampp\htdocs\microfin\system\CodeIgniter.php(318): CodeIgniter\CodeIgniter->handleRequest(NULL, Object(Config\Cache), false)
#4 C:\xampp\htdocs\microfin\public\index.php(37): CodeIgniter\CodeIgniter->run()
#5 {main}
CRITICAL - 2022-02-19 14:17:57 --> syntax error, unexpected '$total_interast_amount' (T_VARIABLE)
#0 C:\xampp\htdocs\microfin\system\Router\Router.php(176): CodeIgniter\Router\Router->autoRoute('loan/get')
#1 C:\xampp\htdocs\microfin\system\CodeIgniter.php(718): CodeIgniter\Router\Router->handle('loan/get')
#2 C:\xampp\htdocs\microfin\system\CodeIgniter.php(359): CodeIgniter\CodeIgniter->tryToRouteIt(Object(CodeIgniter\Router\RouteCollection))
#3 C:\xampp\htdocs\microfin\system\CodeIgniter.php(318): CodeIgniter\CodeIgniter->handleRequest(NULL, Object(Config\Cache), false)
#4 C:\xampp\htdocs\microfin\public\index.php(37): CodeIgniter\CodeIgniter->run()
#5 {main}
CRITICAL - 2022-02-19 22:04:10 --> syntax error, unexpected '$total_interast_amount' (T_VARIABLE)
#0 C:\xampp\htdocs\microfin\system\Router\Router.php(176): CodeIgniter\Router\Router->autoRoute('loan/get')
#1 C:\xampp\htdocs\microfin\system\CodeIgniter.php(718): CodeIgniter\Router\Router->handle('loan/get')
#2 C:\xampp\htdocs\microfin\system\CodeIgniter.php(359): CodeIgniter\CodeIgniter->tryToRouteIt(Object(CodeIgniter\Router\RouteCollection))
#3 C:\xampp\htdocs\microfin\system\CodeIgniter.php(318): CodeIgniter\CodeIgniter->handleRequest(NULL, Object(Config\Cache), false)
#4 C:\xampp\htdocs\microfin\public\index.php(37): CodeIgniter\CodeIgniter->run()
#5 {main}
CRITICAL - 2022-02-19 22:06:51 --> syntax error, unexpected '$total_interast_amount' (T_VARIABLE)
#0 C:\xampp\htdocs\microfin\system\Router\Router.php(176): CodeIgniter\Router\Router->autoRoute('loan/get')
#1 C:\xampp\htdocs\microfin\system\CodeIgniter.php(718): CodeIgniter\Router\Router->handle('loan/get')
#2 C:\xampp\htdocs\microfin\system\CodeIgniter.php(359): CodeIgniter\CodeIgniter->tryToRouteIt(Object(CodeIgniter\Router\RouteCollection))
#3 C:\xampp\htdocs\microfin\system\CodeIgniter.php(318): CodeIgniter\CodeIgniter->handleRequest(NULL, Object(Config\Cache), false)
#4 C:\xampp\htdocs\microfin\public\index.php(37): CodeIgniter\CodeIgniter->run()
#5 {main}
CRITICAL - 2022-02-19 22:29:55 --> syntax error, unexpected '$total_interast_amount' (T_VARIABLE)
#0 C:\xampp\htdocs\microfin\system\Router\Router.php(176): CodeIgniter\Router\Router->autoRoute('loan/get')
#1 C:\xampp\htdocs\microfin\system\CodeIgniter.php(718): CodeIgniter\Router\Router->handle('loan/get')
#2 C:\xampp\htdocs\microfin\system\CodeIgniter.php(359): CodeIgniter\CodeIgniter->tryToRouteIt(Object(CodeIgniter\Router\RouteCollection))
#3 C:\xampp\htdocs\microfin\system\CodeIgniter.php(318): CodeIgniter\CodeIgniter->handleRequest(NULL, Object(Config\Cache), false)
#4 C:\xampp\htdocs\microfin\public\index.php(37): CodeIgniter\CodeIgniter->run()
#5 {main}
CRITICAL - 2022-02-19 22:38:48 --> syntax error, unexpected '$total_interast_amount' (T_VARIABLE)
#0 C:\xampp\htdocs\microfin\system\Router\Router.php(176): CodeIgniter\Router\Router->autoRoute('loan/get')
#1 C:\xampp\htdocs\microfin\system\CodeIgniter.php(718): CodeIgniter\Router\Router->handle('loan/get')
#2 C:\xampp\htdocs\microfin\system\CodeIgniter.php(359): CodeIgniter\CodeIgniter->tryToRouteIt(Object(CodeIgniter\Router\RouteCollection))
#3 C:\xampp\htdocs\microfin\system\CodeIgniter.php(318): CodeIgniter\CodeIgniter->handleRequest(NULL, Object(Config\Cache), false)
#4 C:\xampp\htdocs\microfin\public\index.php(37): CodeIgniter\CodeIgniter->run()
#5 {main}
CRITICAL - 2022-02-19 22:38:50 --> syntax error, unexpected '$total_interast_amount' (T_VARIABLE)
#0 C:\xampp\htdocs\microfin\system\Router\Router.php(176): CodeIgniter\Router\Router->autoRoute('loan/loan_by_id')
#1 C:\xampp\htdocs\microfin\system\CodeIgniter.php(718): CodeIgniter\Router\Router->handle('loan/loan_by_id')
#2 C:\xampp\htdocs\microfin\system\CodeIgniter.php(359): CodeIgniter\CodeIgniter->tryToRouteIt(Object(CodeIgniter\Router\RouteCollection))
#3 C:\xampp\htdocs\microfin\system\CodeIgniter.php(318): CodeIgniter\CodeIgniter->handleRequest(NULL, Object(Config\Cache), false)
#4 C:\xampp\htdocs\microfin\public\index.php(37): CodeIgniter\CodeIgniter->run()
#5 {main}
CRITICAL - 2022-02-19 22:38:50 --> syntax error, unexpected '$total_interast_amount' (T_VARIABLE)
#0 C:\xampp\htdocs\microfin\system\Router\Router.php(176): CodeIgniter\Router\Router->autoRoute('loan/loan_by_id')
#1 C:\xampp\htdocs\microfin\system\CodeIgniter.php(718): CodeIgniter\Router\Router->handle('loan/loan_by_id')
#2 C:\xampp\htdocs\microfin\system\CodeIgniter.php(359): CodeIgniter\CodeIgniter->tryToRouteIt(Object(CodeIgniter\Router\RouteCollection))
#3 C:\xampp\htdocs\microfin\system\CodeIgniter.php(318): CodeIgniter\CodeIgniter->handleRequest(NULL, Object(Config\Cache), false)
#4 C:\xampp\htdocs\microfin\public\index.php(37): CodeIgniter\CodeIgniter->run()
#5 {main}
CRITICAL - 2022-02-19 22:40:38 --> syntax error, unexpected '$total_interast_amount' (T_VARIABLE)
#0 C:\xampp\htdocs\microfin\system\Router\Router.php(176): CodeIgniter\Router\Router->autoRoute('loan/get')
#1 C:\xampp\htdocs\microfin\system\CodeIgniter.php(718): CodeIgniter\Router\Router->handle('loan/get')
#2 C:\xampp\htdocs\microfin\system\CodeIgniter.php(359): CodeIgniter\CodeIgniter->tryToRouteIt(Object(CodeIgniter\Router\RouteCollection))
#3 C:\xampp\htdocs\microfin\system\CodeIgniter.php(318): CodeIgniter\CodeIgniter->handleRequest(NULL, Object(Config\Cache), false)
#4 C:\xampp\htdocs\microfin\public\index.php(37): CodeIgniter\CodeIgniter->run()
#5 {main}
CRITICAL - 2022-02-19 22:40:51 --> syntax error, unexpected '$total_interast_amount' (T_VARIABLE)
#0 C:\xampp\htdocs\microfin\system\Router\Router.php(176): CodeIgniter\Router\Router->autoRoute('loan/loan_by_id')
#1 C:\xampp\htdocs\microfin\system\CodeIgniter.php(718): CodeIgniter\Router\Router->handle('loan/loan_by_id')
#2 C:\xampp\htdocs\microfin\system\CodeIgniter.php(359): CodeIgniter\CodeIgniter->tryToRouteIt(Object(CodeIgniter\Router\RouteCollection))
#3 C:\xampp\htdocs\microfin\system\CodeIgniter.php(318): CodeIgniter\CodeIgniter->handleRequest(NULL, Object(Config\Cache), false)
#4 C:\xampp\htdocs\microfin\public\index.php(37): CodeIgniter\CodeIgniter->run()
#5 {main}
CRITICAL - 2022-02-19 22:40:51 --> syntax error, unexpected '$total_interast_amount' (T_VARIABLE)
#0 C:\xampp\htdocs\microfin\system\Router\Router.php(176): CodeIgniter\Router\Router->autoRoute('loan/loan_by_id')
#1 C:\xampp\htdocs\microfin\system\CodeIgniter.php(718): CodeIgniter\Router\Router->handle('loan/loan_by_id')
#2 C:\xampp\htdocs\microfin\system\CodeIgniter.php(359): CodeIgniter\CodeIgniter->tryToRouteIt(Object(CodeIgniter\Router\RouteCollection))
#3 C:\xampp\htdocs\microfin\system\CodeIgniter.php(318): CodeIgniter\CodeIgniter->handleRequest(NULL, Object(Config\Cache), false)
#4 C:\xampp\htdocs\microfin\public\index.php(37): CodeIgniter\CodeIgniter->run()
#5 {main}
CRITICAL - 2022-02-19 22:40:53 --> syntax error, unexpected '$total_interast_amount' (T_VARIABLE)
#0 C:\xampp\htdocs\microfin\system\Router\Router.php(176): CodeIgniter\Router\Router->autoRoute('loan/loan_by_id')
#1 C:\xampp\htdocs\microfin\system\CodeIgniter.php(718): CodeIgniter\Router\Router->handle('loan/loan_by_id')
#2 C:\xampp\htdocs\microfin\system\CodeIgniter.php(359): CodeIgniter\CodeIgniter->tryToRouteIt(Object(CodeIgniter\Router\RouteCollection))
#3 C:\xampp\htdocs\microfin\system\CodeIgniter.php(318): CodeIgniter\CodeIgniter->handleRequest(NULL, Object(Config\Cache), false)
#4 C:\xampp\htdocs\microfin\public\index.php(37): CodeIgniter\CodeIgniter->run()
#5 {main}
CRITICAL - 2022-02-19 22:40:53 --> syntax error, unexpected '$total_interast_amount' (T_VARIABLE)
#0 C:\xampp\htdocs\microfin\system\Router\Router.php(176): CodeIgniter\Router\Router->autoRoute('loan/loan_by_id')
#1 C:\xampp\htdocs\microfin\system\CodeIgniter.php(718): CodeIgniter\Router\Router->handle('loan/loan_by_id')
#2 C:\xampp\htdocs\microfin\system\CodeIgniter.php(359): CodeIgniter\CodeIgniter->tryToRouteIt(Object(CodeIgniter\Router\RouteCollection))
#3 C:\xampp\htdocs\microfin\system\CodeIgniter.php(318): CodeIgniter\CodeIgniter->handleRequest(NULL, Object(Config\Cache), false)
#4 C:\xampp\htdocs\microfin\public\index.php(37): CodeIgniter\CodeIgniter->run()
#5 {main}
CRITICAL - 2022-02-19 22:42:11 --> syntax error, unexpected '$total_interast_amount' (T_VARIABLE)
#0 C:\xampp\htdocs\microfin\system\Router\Router.php(176): CodeIgniter\Router\Router->autoRoute('loan/get')
#1 C:\xampp\htdocs\microfin\system\CodeIgniter.php(718): CodeIgniter\Router\Router->handle('loan/get')
#2 C:\xampp\htdocs\microfin\system\CodeIgniter.php(359): CodeIgniter\CodeIgniter->tryToRouteIt(Object(CodeIgniter\Router\RouteCollection))
#3 C:\xampp\htdocs\microfin\system\CodeIgniter.php(318): CodeIgniter\CodeIgniter->handleRequest(NULL, Object(Config\Cache), false)
#4 C:\xampp\htdocs\microfin\public\index.php(37): CodeIgniter\CodeIgniter->run()
#5 {main}
CRITICAL - 2022-02-19 22:42:12 --> syntax error, unexpected '$total_interast_amount' (T_VARIABLE)
#0 C:\xampp\htdocs\microfin\system\Router\Router.php(176): CodeIgniter\Router\Router->autoRoute('loan/get')
#1 C:\xampp\htdocs\microfin\system\CodeIgniter.php(718): CodeIgniter\Router\Router->handle('loan/get')
#2 C:\xampp\htdocs\microfin\system\CodeIgniter.php(359): CodeIgniter\CodeIgniter->tryToRouteIt(Object(CodeIgniter\Router\RouteCollection))
#3 C:\xampp\htdocs\microfin\system\CodeIgniter.php(318): CodeIgniter\CodeIgniter->handleRequest(NULL, Object(Config\Cache), false)
#4 C:\xampp\htdocs\microfin\public\index.php(37): CodeIgniter\CodeIgniter->run()
#5 {main}
CRITICAL - 2022-02-19 22:45:06 --> syntax error, unexpected '$total_interast_amount' (T_VARIABLE)
#0 C:\xampp\htdocs\microfin\system\Router\Router.php(176): CodeIgniter\Router\Router->autoRoute('loan/get')
#1 C:\xampp\htdocs\microfin\system\CodeIgniter.php(718): CodeIgniter\Router\Router->handle('loan/get')
#2 C:\xampp\htdocs\microfin\system\CodeIgniter.php(359): CodeIgniter\CodeIgniter->tryToRouteIt(Object(CodeIgniter\Router\RouteCollection))
#3 C:\xampp\htdocs\microfin\system\CodeIgniter.php(318): CodeIgniter\CodeIgniter->handleRequest(NULL, Object(Config\Cache), false)
#4 C:\xampp\htdocs\microfin\public\index.php(37): CodeIgniter\CodeIgniter->run()
#5 {main}
CRITICAL - 2022-02-19 22:53:11 --> syntax error, unexpected '$total_interast_amount' (T_VARIABLE)
#0 C:\xampp\htdocs\microfin\system\Router\Router.php(176): CodeIgniter\Router\Router->autoRoute('loan/get')
#1 C:\xampp\htdocs\microfin\system\CodeIgniter.php(718): CodeIgniter\Router\Router->handle('loan/get')
#2 C:\xampp\htdocs\microfin\system\CodeIgniter.php(359): CodeIgniter\CodeIgniter->tryToRouteIt(Object(CodeIgniter\Router\RouteCollection))
#3 C:\xampp\htdocs\microfin\system\CodeIgniter.php(318): CodeIgniter\CodeIgniter->handleRequest(NULL, Object(Config\Cache), false)
#4 C:\xampp\htdocs\microfin\public\index.php(37): CodeIgniter\CodeIgniter->run()
#5 {main}
CRITICAL - 2022-02-19 22:54:52 --> syntax error, unexpected '$total_interast_amount' (T_VARIABLE)
#0 C:\xampp\htdocs\microfin\system\Router\Router.php(176): CodeIgniter\Router\Router->autoRoute('loan/get')
#1 C:\xampp\htdocs\microfin\system\CodeIgniter.php(718): CodeIgniter\Router\Router->handle('loan/get')
#2 C:\xampp\htdocs\microfin\system\CodeIgniter.php(359): CodeIgniter\CodeIgniter->tryToRouteIt(Object(CodeIgniter\Router\RouteCollection))
#3 C:\xampp\htdocs\microfin\system\CodeIgniter.php(318): CodeIgniter\CodeIgniter->handleRequest(NULL, Object(Config\Cache), false)
#4 C:\xampp\htdocs\microfin\public\index.php(37): CodeIgniter\CodeIgniter->run()
#5 {main}
CRITICAL - 2022-02-19 23:02:05 --> syntax error, unexpected '$total_interast_amount' (T_VARIABLE)
#0 C:\xampp\htdocs\microfin\system\Router\Router.php(176): CodeIgniter\Router\Router->autoRoute('loan/get')
#1 C:\xampp\htdocs\microfin\system\CodeIgniter.php(718): CodeIgniter\Router\Router->handle('loan/get')
#2 C:\xampp\htdocs\microfin\system\CodeIgniter.php(359): CodeIgniter\CodeIgniter->tryToRouteIt(Object(CodeIgniter\Router\RouteCollection))
#3 C:\xampp\htdocs\microfin\system\CodeIgniter.php(318): CodeIgniter\CodeIgniter->handleRequest(NULL, Object(Config\Cache), false)
#4 C:\xampp\htdocs\microfin\public\index.php(37): CodeIgniter\CodeIgniter->run()
#5 {main}
CRITICAL - 2022-02-19 23:05:14 --> syntax error, unexpected '$total_interast_amount' (T_VARIABLE)
#0 C:\xampp\htdocs\microfin\system\Router\Router.php(176): CodeIgniter\Router\Router->autoRoute('Loan')
#1 C:\xampp\htdocs\microfin\system\CodeIgniter.php(718): CodeIgniter\Router\Router->handle('Loan')
#2 C:\xampp\htdocs\microfin\system\CodeIgniter.php(359): CodeIgniter\CodeIgniter->tryToRouteIt(Object(CodeIgniter\Router\RouteCollection))
#3 C:\xampp\htdocs\microfin\system\CodeIgniter.php(318): CodeIgniter\CodeIgniter->handleRequest(NULL, Object(Config\Cache), false)
#4 C:\xampp\htdocs\microfin\public\index.php(37): CodeIgniter\CodeIgniter->run()
#5 {main}
CRITICAL - 2022-02-19 23:05:39 --> syntax error, unexpected '$total_interast_amount' (T_VARIABLE)
#0 C:\xampp\htdocs\microfin\system\Router\Router.php(176): CodeIgniter\Router\Router->autoRoute('loan/get')
#1 C:\xampp\htdocs\microfin\system\CodeIgniter.php(718): CodeIgniter\Router\Router->handle('loan/get')
#2 C:\xampp\htdocs\microfin\system\CodeIgniter.php(359): CodeIgniter\CodeIgniter->tryToRouteIt(Object(CodeIgniter\Router\RouteCollection))
#3 C:\xampp\htdocs\microfin\system\CodeIgniter.php(318): CodeIgniter\CodeIgniter->handleRequest(NULL, Object(Config\Cache), false)
#4 C:\xampp\htdocs\microfin\public\index.php(37): CodeIgniter\CodeIgniter->run()
#5 {main}
CRITICAL - 2022-02-19 23:05:49 --> syntax error, unexpected '$total_interast_amount' (T_VARIABLE)
#0 C:\xampp\htdocs\microfin\system\Router\Router.php(176): CodeIgniter\Router\Router->autoRoute('Loan')
#1 C:\xampp\htdocs\microfin\system\CodeIgniter.php(718): CodeIgniter\Router\Router->handle('Loan')
#2 C:\xampp\htdocs\microfin\system\CodeIgniter.php(359): CodeIgniter\CodeIgniter->tryToRouteIt(Object(CodeIgniter\Router\RouteCollection))
#3 C:\xampp\htdocs\microfin\system\CodeIgniter.php(318): CodeIgniter\CodeIgniter->handleRequest(NULL, Object(Config\Cache), false)
#4 C:\xampp\htdocs\microfin\public\index.php(37): CodeIgniter\CodeIgniter->run()
#5 {main}
CRITICAL - 2022-02-19 23:13:33 --> Unsupported operand types
#0 C:\xampp\htdocs\microfin\system\CodeIgniter.php(824): App\Controllers\Loan->save_amount_per_day()
#1 C:\xampp\htdocs\microfin\system\CodeIgniter.php(410): CodeIgniter\CodeIgniter->runController(Object(App\Controllers\Loan))
#2 C:\xampp\htdocs\microfin\system\CodeIgniter.php(318): CodeIgniter\CodeIgniter->handleRequest(NULL, Object(Config\Cache), false)
#3 C:\xampp\htdocs\microfin\public\index.php(37): CodeIgniter\CodeIgniter->run()
#4 {main}
CRITICAL - 2022-02-19 23:13:37 --> Unsupported operand types
#0 C:\xampp\htdocs\microfin\system\CodeIgniter.php(824): App\Controllers\Loan->save_amount_per_day()
#1 C:\xampp\htdocs\microfin\system\CodeIgniter.php(410): CodeIgniter\CodeIgniter->runController(Object(App\Controllers\Loan))
#2 C:\xampp\htdocs\microfin\system\CodeIgniter.php(318): CodeIgniter\CodeIgniter->handleRequest(NULL, Object(Config\Cache), false)
#3 C:\xampp\htdocs\microfin\public\index.php(37): CodeIgniter\CodeIgniter->run()
#4 {main}
CRITICAL - 2022-02-19 23:16:46 --> Unsupported operand types
#0 C:\xampp\htdocs\microfin\system\CodeIgniter.php(824): App\Controllers\Loan->save_amount_per_day()
#1 C:\xampp\htdocs\microfin\system\CodeIgniter.php(410): CodeIgniter\CodeIgniter->runController(Object(App\Controllers\Loan))
#2 C:\xampp\htdocs\microfin\system\CodeIgniter.php(318): CodeIgniter\CodeIgniter->handleRequest(NULL, Object(Config\Cache), false)
#3 C:\xampp\htdocs\microfin\public\index.php(37): CodeIgniter\CodeIgniter->run()
#4 {main}
CRITICAL - 2022-02-19 23:16:55 --> Unsupported operand types
#0 C:\xampp\htdocs\microfin\system\CodeIgniter.php(824): App\Controllers\Loan->save_amount_per_day()
#1 C:\xampp\htdocs\microfin\system\CodeIgniter.php(410): CodeIgniter\CodeIgniter->runController(Object(App\Controllers\Loan))
#2 C:\xampp\htdocs\microfin\system\CodeIgniter.php(318): CodeIgniter\CodeIgniter->handleRequest(NULL, Object(Config\Cache), false)
#3 C:\xampp\htdocs\microfin\public\index.php(37): CodeIgniter\CodeIgniter->run()
#4 {main}
