CRITICAL - 2022-01-25 03:33:47 --> Trying to access array offset on value of type bool
#0 C:\xampp\htdocs\microfin\app\Controllers\Employee.php(198): CodeIgniter\Debug\Exceptions->errorHandler(8, 'Trying to acces...', 'C:\\xampp\\htdocs...', 198, Array)
#1 C:\xampp\htdocs\microfin\system\CodeIgniter.php(824): App\Controllers\Employee->login()
#2 C:\xampp\htdocs\microfin\system\CodeIgniter.php(410): CodeIgniter\CodeIgniter->runController(Object(App\Controllers\Employee))
#3 C:\xampp\htdocs\microfin\system\CodeIgniter.php(318): CodeIgniter\CodeIgniter->handleRequest(NULL, Object(Config\Cache), false)
#4 C:\xampp\htdocs\microfin\public\index.php(37): CodeIgniter\CodeIgniter->run()
#5 {main}
CRITICAL - 2022-01-25 03:33:53 --> Trying to access array offset on value of type bool
#0 C:\xampp\htdocs\microfin\app\Controllers\Employee.php(198): CodeIgniter\Debug\Exceptions->errorHandler(8, 'Trying to acces...', 'C:\\xampp\\htdocs...', 198, Array)
#1 C:\xampp\htdocs\microfin\system\CodeIgniter.php(824): App\Controllers\Employee->login()
#2 C:\xampp\htdocs\microfin\system\CodeIgniter.php(410): CodeIgniter\CodeIgniter->runController(Object(App\Controllers\Employee))
#3 C:\xampp\htdocs\microfin\system\CodeIgniter.php(318): CodeIgniter\CodeIgniter->handleRequest(NULL, Object(Config\Cache), false)
#4 C:\xampp\htdocs\microfin\public\index.php(37): CodeIgniter\CodeIgniter->run()
#5 {main}
CRITICAL - 2022-01-25 04:07:19 --> Undefined property: App\Controllers\Profile::$session
#0 C:\xampp\htdocs\microfin\app\Controllers\Profile.php(131): CodeIgniter\Debug\Exceptions->errorHandler(8, 'Undefined prope...', 'C:\\xampp\\htdocs...', 131, Array)
#1 C:\xampp\htdocs\microfin\system\CodeIgniter.php(824): App\Controllers\Profile->by_id()
#2 C:\xampp\htdocs\microfin\system\CodeIgniter.php(410): CodeIgniter\CodeIgniter->runController(Object(App\Controllers\Profile))
#3 C:\xampp\htdocs\microfin\system\CodeIgniter.php(318): CodeIgniter\CodeIgniter->handleRequest(NULL, Object(Config\Cache), false)
#4 C:\xampp\htdocs\microfin\public\index.php(37): CodeIgniter\CodeIgniter->run()
#5 {main}
CRITICAL - 2022-01-25 04:07:20 --> Undefined property: App\Controllers\Profile::$session
#0 C:\xampp\htdocs\microfin\app\Controllers\Profile.php(131): CodeIgniter\Debug\Exceptions->errorHandler(8, 'Undefined prope...', 'C:\\xampp\\htdocs...', 131, Array)
#1 C:\xampp\htdocs\microfin\system\CodeIgniter.php(824): App\Controllers\Profile->by_id()
#2 C:\xampp\htdocs\microfin\system\CodeIgniter.php(410): CodeIgniter\CodeIgniter->runController(Object(App\Controllers\Profile))
#3 C:\xampp\htdocs\microfin\system\CodeIgniter.php(318): CodeIgniter\CodeIgniter->handleRequest(NULL, Object(Config\Cache), false)
#4 C:\xampp\htdocs\microfin\public\index.php(37): CodeIgniter\CodeIgniter->run()
#5 {main}
CRITICAL - 2022-01-25 04:07:42 --> Undefined property: App\Controllers\Profile::$session
#0 C:\xampp\htdocs\microfin\app\Controllers\Profile.php(131): CodeIgniter\Debug\Exceptions->errorHandler(8, 'Undefined prope...', 'C:\\xampp\\htdocs...', 131, Array)
#1 C:\xampp\htdocs\microfin\system\CodeIgniter.php(824): App\Controllers\Profile->by_id()
#2 C:\xampp\htdocs\microfin\system\CodeIgniter.php(410): CodeIgniter\CodeIgniter->runController(Object(App\Controllers\Profile))
#3 C:\xampp\htdocs\microfin\system\CodeIgniter.php(318): CodeIgniter\CodeIgniter->handleRequest(NULL, Object(Config\Cache), false)
#4 C:\xampp\htdocs\microfin\public\index.php(37): CodeIgniter\CodeIgniter->run()
#5 {main}
CRITICAL - 2022-01-25 04:07:43 --> Undefined property: App\Controllers\Profile::$session
#0 C:\xampp\htdocs\microfin\app\Controllers\Profile.php(131): CodeIgniter\Debug\Exceptions->errorHandler(8, 'Undefined prope...', 'C:\\xampp\\htdocs...', 131, Array)
#1 C:\xampp\htdocs\microfin\system\CodeIgniter.php(824): App\Controllers\Profile->by_id()
#2 C:\xampp\htdocs\microfin\system\CodeIgniter.php(410): CodeIgniter\CodeIgniter->runController(Object(App\Controllers\Profile))
#3 C:\xampp\htdocs\microfin\system\CodeIgniter.php(318): CodeIgniter\CodeIgniter->handleRequest(NULL, Object(Config\Cache), false)
#4 C:\xampp\htdocs\microfin\public\index.php(37): CodeIgniter\CodeIgniter->run()
#5 {main}
CRITICAL - 2022-01-25 04:08:54 --> Undefined property: App\Controllers\Profile::$session
#0 C:\xampp\htdocs\microfin\app\Controllers\Profile.php(131): CodeIgniter\Debug\Exceptions->errorHandler(8, 'Undefined prope...', 'C:\\xampp\\htdocs...', 131, Array)
#1 C:\xampp\htdocs\microfin\system\CodeIgniter.php(824): App\Controllers\Profile->by_id()
#2 C:\xampp\htdocs\microfin\system\CodeIgniter.php(410): CodeIgniter\CodeIgniter->runController(Object(App\Controllers\Profile))
#3 C:\xampp\htdocs\microfin\system\CodeIgniter.php(318): CodeIgniter\CodeIgniter->handleRequest(NULL, Object(Config\Cache), false)
#4 C:\xampp\htdocs\microfin\public\index.php(37): CodeIgniter\CodeIgniter->run()
#5 {main}
CRITICAL - 2022-01-25 04:21:55 --> Call to undefined method App\Models\CustomerModel::get_loan_data_by_customer_id
#0 C:\xampp\htdocs\microfin\app\Controllers\Profile.php(158): CodeIgniter\Model->__call('get_loan_data_b...', Array)
#1 C:\xampp\htdocs\microfin\system\CodeIgniter.php(824): App\Controllers\Profile->loan_data_by_customer_id()
#2 C:\xampp\htdocs\microfin\system\CodeIgniter.php(410): CodeIgniter\CodeIgniter->runController(Object(App\Controllers\Profile))
#3 C:\xampp\htdocs\microfin\system\CodeIgniter.php(318): CodeIgniter\CodeIgniter->handleRequest(NULL, Object(Config\Cache), false)
#4 C:\xampp\htdocs\microfin\public\index.php(37): CodeIgniter\CodeIgniter->run()
#5 {main}
CRITICAL - 2022-01-25 04:23:02 --> Class 'App\Controllers\LoanModel' not found
#0 C:\xampp\htdocs\microfin\system\CodeIgniter.php(824): App\Controllers\Profile->loan_data_by_customer_id()
#1 C:\xampp\htdocs\microfin\system\CodeIgniter.php(410): CodeIgniter\CodeIgniter->runController(Object(App\Controllers\Profile))
#2 C:\xampp\htdocs\microfin\system\CodeIgniter.php(318): CodeIgniter\CodeIgniter->handleRequest(NULL, Object(Config\Cache), false)
#3 C:\xampp\htdocs\microfin\public\index.php(37): CodeIgniter\CodeIgniter->run()
#4 {main}
CRITICAL - 2022-01-25 04:23:12 --> Class 'App\Controllers\LoanModel' not found
#0 C:\xampp\htdocs\microfin\system\CodeIgniter.php(824): App\Controllers\Profile->loan_data_by_customer_id()
#1 C:\xampp\htdocs\microfin\system\CodeIgniter.php(410): CodeIgniter\CodeIgniter->runController(Object(App\Controllers\Profile))
#2 C:\xampp\htdocs\microfin\system\CodeIgniter.php(318): CodeIgniter\CodeIgniter->handleRequest(NULL, Object(Config\Cache), false)
#3 C:\xampp\htdocs\microfin\public\index.php(37): CodeIgniter\CodeIgniter->run()
#4 {main}
CRITICAL - 2022-01-25 04:23:19 --> Class 'App\Controllers\LoanModel' not found
#0 C:\xampp\htdocs\microfin\system\CodeIgniter.php(824): App\Controllers\Profile->loan_data_by_customer_id()
#1 C:\xampp\htdocs\microfin\system\CodeIgniter.php(410): CodeIgniter\CodeIgniter->runController(Object(App\Controllers\Profile))
#2 C:\xampp\htdocs\microfin\system\CodeIgniter.php(318): CodeIgniter\CodeIgniter->handleRequest(NULL, Object(Config\Cache), false)
#3 C:\xampp\htdocs\microfin\public\index.php(37): CodeIgniter\CodeIgniter->run()
#4 {main}
CRITICAL - 2022-01-25 04:24:06 --> Class 'App\Controllers\LoanModel' not found
#0 C:\xampp\htdocs\microfin\system\CodeIgniter.php(824): App\Controllers\Profile->loan_data_by_customer_id()
#1 C:\xampp\htdocs\microfin\system\CodeIgniter.php(410): CodeIgniter\CodeIgniter->runController(Object(App\Controllers\Profile))
#2 C:\xampp\htdocs\microfin\system\CodeIgniter.php(318): CodeIgniter\CodeIgniter->handleRequest(NULL, Object(Config\Cache), false)
#3 C:\xampp\htdocs\microfin\public\index.php(37): CodeIgniter\CodeIgniter->run()
#4 {main}
CRITICAL - 2022-01-25 04:24:10 --> Class 'App\Controllers\LoanModel' not found
#0 C:\xampp\htdocs\microfin\system\CodeIgniter.php(824): App\Controllers\Profile->loan_data_by_customer_id()
#1 C:\xampp\htdocs\microfin\system\CodeIgniter.php(410): CodeIgniter\CodeIgniter->runController(Object(App\Controllers\Profile))
#2 C:\xampp\htdocs\microfin\system\CodeIgniter.php(318): CodeIgniter\CodeIgniter->handleRequest(NULL, Object(Config\Cache), false)
#3 C:\xampp\htdocs\microfin\public\index.php(37): CodeIgniter\CodeIgniter->run()
#4 {main}
CRITICAL - 2022-01-25 04:24:55 --> Class 'App\Controllers\LoanModel' not found
#0 C:\xampp\htdocs\microfin\system\CodeIgniter.php(824): App\Controllers\Profile->loan_data_by_customer_id()
#1 C:\xampp\htdocs\microfin\system\CodeIgniter.php(410): CodeIgniter\CodeIgniter->runController(Object(App\Controllers\Profile))
#2 C:\xampp\htdocs\microfin\system\CodeIgniter.php(318): CodeIgniter\CodeIgniter->handleRequest(NULL, Object(Config\Cache), false)
#3 C:\xampp\htdocs\microfin\public\index.php(37): CodeIgniter\CodeIgniter->run()
#4 {main}
CRITICAL - 2022-01-25 04:24:58 --> Class 'App\Controllers\LoanModel' not found
#0 C:\xampp\htdocs\microfin\system\CodeIgniter.php(824): App\Controllers\Profile->loan_data_by_customer_id()
#1 C:\xampp\htdocs\microfin\system\CodeIgniter.php(410): CodeIgniter\CodeIgniter->runController(Object(App\Controllers\Profile))
#2 C:\xampp\htdocs\microfin\system\CodeIgniter.php(318): CodeIgniter\CodeIgniter->handleRequest(NULL, Object(Config\Cache), false)
#3 C:\xampp\htdocs\microfin\public\index.php(37): CodeIgniter\CodeIgniter->run()
#4 {main}
