CRITICAL - 2022-02-17 06:45:40 --> Call to undefined method App\Models\LoanApproveModel::get_data
#0 C:\xampp\htdocs\microfin\app\Controllers\LoanApproval.php(29): CodeIgniter\Model->__call('get_data', Array)
#1 C:\xampp\htdocs\microfin\system\CodeIgniter.php(824): App\Controllers\LoanApproval->get()
#2 C:\xampp\htdocs\microfin\system\CodeIgniter.php(410): CodeIgniter\CodeIgniter->runController(Object(App\Controllers\LoanApproval))
#3 C:\xampp\htdocs\microfin\system\CodeIgniter.php(318): CodeIgniter\CodeIgniter->handleRequest(NULL, Object(Config\Cache), false)
#4 C:\xampp\htdocs\microfin\public\index.php(37): CodeIgniter\CodeIgniter->run()
#5 {main}
CRITICAL - 2022-02-17 06:45:40 --> syntax error, unexpected '$total_interast_amount' (T_VARIABLE)
#0 C:\xampp\htdocs\microfin\system\Router\Router.php(176): CodeIgniter\Router\Router->autoRoute('loan/get')
#1 C:\xampp\htdocs\microfin\system\CodeIgniter.php(718): CodeIgniter\Router\Router->handle('loan/get')
#2 C:\xampp\htdocs\microfin\system\CodeIgniter.php(359): CodeIgniter\CodeIgniter->tryToRouteIt(Object(CodeIgniter\Router\RouteCollection))
#3 C:\xampp\htdocs\microfin\system\CodeIgniter.php(318): CodeIgniter\CodeIgniter->handleRequest(NULL, Object(Config\Cache), false)
#4 C:\xampp\htdocs\microfin\public\index.php(37): CodeIgniter\CodeIgniter->run()
#5 {main}
CRITICAL - 2022-02-17 06:58:09 --> syntax error, unexpected '$total_interast_amount' (T_VARIABLE)
#0 C:\xampp\htdocs\microfin\system\Router\Router.php(176): CodeIgniter\Router\Router->autoRoute('loan/get')
#1 C:\xampp\htdocs\microfin\system\CodeIgniter.php(718): CodeIgniter\Router\Router->handle('loan/get')
#2 C:\xampp\htdocs\microfin\system\CodeIgniter.php(359): CodeIgniter\CodeIgniter->tryToRouteIt(Object(CodeIgniter\Router\RouteCollection))
#3 C:\xampp\htdocs\microfin\system\CodeIgniter.php(318): CodeIgniter\CodeIgniter->handleRequest(NULL, Object(Config\Cache), false)
#4 C:\xampp\htdocs\microfin\public\index.php(37): CodeIgniter\CodeIgniter->run()
#5 {main}
CRITICAL - 2022-02-17 06:58:09 --> Call to undefined method App\Models\LoanApproveModel::get_data
#0 C:\xampp\htdocs\microfin\app\Controllers\LoanApproval.php(29): CodeIgniter\Model->__call('get_data', Array)
#1 C:\xampp\htdocs\microfin\system\CodeIgniter.php(824): App\Controllers\LoanApproval->get()
#2 C:\xampp\htdocs\microfin\system\CodeIgniter.php(410): CodeIgniter\CodeIgniter->runController(Object(App\Controllers\LoanApproval))
#3 C:\xampp\htdocs\microfin\system\CodeIgniter.php(318): CodeIgniter\CodeIgniter->handleRequest(NULL, Object(Config\Cache), false)
#4 C:\xampp\htdocs\microfin\public\index.php(37): CodeIgniter\CodeIgniter->run()
#5 {main}
CRITICAL - 2022-02-17 06:59:14 --> syntax error, unexpected '$total_interast_amount' (T_VARIABLE)
#0 C:\xampp\htdocs\microfin\system\Router\Router.php(176): CodeIgniter\Router\Router->autoRoute('loan/get')
#1 C:\xampp\htdocs\microfin\system\CodeIgniter.php(718): CodeIgniter\Router\Router->handle('loan/get')
#2 C:\xampp\htdocs\microfin\system\CodeIgniter.php(359): CodeIgniter\CodeIgniter->tryToRouteIt(Object(CodeIgniter\Router\RouteCollection))
#3 C:\xampp\htdocs\microfin\system\CodeIgniter.php(318): CodeIgniter\CodeIgniter->handleRequest(NULL, Object(Config\Cache), false)
#4 C:\xampp\htdocs\microfin\public\index.php(37): CodeIgniter\CodeIgniter->run()
#5 {main}
